[2022-01-30 21:01:14,103] INFO Reading configuration from: config/zookeeper.properties (org.apache.zookeeper.server.quorum.QuorumPeerConfig)
[2022-01-30 21:01:14,114] WARN config/zookeeper.properties is relative. Prepend ./ to indicate that you're sure! (org.apache.zookeeper.server.quorum.QuorumPeerConfig)
[2022-01-30 21:01:14,123] INFO clientPortAddress is 0.0.0.0:2181 (org.apache.zookeeper.server.quorum.QuorumPeerConfig)
[2022-01-30 21:01:14,124] INFO secureClientPort is not set (org.apache.zookeeper.server.quorum.QuorumPeerConfig)
[2022-01-30 21:01:14,125] INFO observerMasterPort is not set (org.apache.zookeeper.server.quorum.QuorumPeerConfig)
[2022-01-30 21:01:14,126] INFO metricsProvider.className is org.apache.zookeeper.metrics.impl.DefaultMetricsProvider (org.apache.zookeeper.server.quorum.QuorumPeerConfig)
[2022-01-30 21:01:14,136] INFO autopurge.snapRetainCount set to 3 (org.apache.zookeeper.server.DatadirCleanupManager)
[2022-01-30 21:01:14,138] INFO autopurge.purgeInterval set to 0 (org.apache.zookeeper.server.DatadirCleanupManager)
[2022-01-30 21:01:14,138] INFO Purge task is not scheduled. (org.apache.zookeeper.server.DatadirCleanupManager)
[2022-01-30 21:01:14,139] WARN Either no config or no quorum defined in config, running in standalone mode (org.apache.zookeeper.server.quorum.QuorumPeerMain)
[2022-01-30 21:01:14,149] INFO Log4j 1.2 jmx support found and enabled. (org.apache.zookeeper.jmx.ManagedUtil)
[2022-01-30 21:01:14,191] INFO Reading configuration from: config/zookeeper.properties (org.apache.zookeeper.server.quorum.QuorumPeerConfig)
[2022-01-30 21:01:14,192] WARN config/zookeeper.properties is relative. Prepend ./ to indicate that you're sure! (org.apache.zookeeper.server.quorum.QuorumPeerConfig)
[2022-01-30 21:01:14,197] INFO clientPortAddress is 0.0.0.0:2181 (org.apache.zookeeper.server.quorum.QuorumPeerConfig)
[2022-01-30 21:01:14,200] INFO secureClientPort is not set (org.apache.zookeeper.server.quorum.QuorumPeerConfig)
[2022-01-30 21:01:14,201] INFO observerMasterPort is not set (org.apache.zookeeper.server.quorum.QuorumPeerConfig)
[2022-01-30 21:01:14,202] INFO metricsProvider.className is org.apache.zookeeper.metrics.impl.DefaultMetricsProvider (org.apache.zookeeper.server.quorum.QuorumPeerConfig)
[2022-01-30 21:01:14,204] INFO Starting server (org.apache.zookeeper.server.ZooKeeperServerMain)
[2022-01-30 21:01:14,241] INFO ServerMetrics initialized with provider org.apache.zookeeper.metrics.impl.DefaultMetricsProvider@531be3c5 (org.apache.zookeeper.server.ServerMetrics)
[2022-01-30 21:01:14,257] INFO zookeeper.snapshot.trust.empty : false (org.apache.zookeeper.server.persistence.FileTxnSnapLog)
[2022-01-30 21:01:14,299] INFO  (org.apache.zookeeper.server.ZooKeeperServer)
[2022-01-30 21:01:14,300] INFO   ______                  _                                           (org.apache.zookeeper.server.ZooKeeperServer)
[2022-01-30 21:01:14,301] INFO  |___  /                 | |                                          (org.apache.zookeeper.server.ZooKeeperServer)
[2022-01-30 21:01:14,302] INFO     / /    ___     ___   | | __   ___    ___   _ __     ___   _ __    (org.apache.zookeeper.server.ZooKeeperServer)
[2022-01-30 21:01:14,303] INFO    / /    / _ \   / _ \  | |/ /  / _ \  / _ \ | '_ \   / _ \ | '__| (org.apache.zookeeper.server.ZooKeeperServer)
[2022-01-30 21:01:14,305] INFO   / /__  | (_) | | (_) | |   <  |  __/ |  __/ | |_) | |  __/ | |     (org.apache.zookeeper.server.ZooKeeperServer)
[2022-01-30 21:01:14,306] INFO  /_____|  \___/   \___/  |_|\_\  \___|  \___| | .__/   \___| |_| (org.apache.zookeeper.server.ZooKeeperServer)
[2022-01-30 21:01:14,307] INFO                                               | |                      (org.apache.zookeeper.server.ZooKeeperServer)
[2022-01-30 21:01:14,309] INFO                                               |_|                      (org.apache.zookeeper.server.ZooKeeperServer)
[2022-01-30 21:01:14,310] INFO  (org.apache.zookeeper.server.ZooKeeperServer)
[2022-01-30 21:01:14,316] INFO Server environment:zookeeper.version=3.6.3--6401e4ad2087061bc6b9f80dec2d69f2e3c8660a, built on 04/08/2021 16:35 GMT (org.apache.zookeeper.server.ZooKeeperServer)
[2022-01-30 21:01:14,318] INFO Server environment:host.name=e5ab84bbde44 (org.apache.zookeeper.server.ZooKeeperServer)
[2022-01-30 21:01:14,321] INFO Server environment:java.version=1.8.0_312 (org.apache.zookeeper.server.ZooKeeperServer)
[2022-01-30 21:01:14,322] INFO Server environment:java.vendor=Temurin (org.apache.zookeeper.server.ZooKeeperServer)
[2022-01-30 21:01:14,324] INFO Server environment:java.home=/usr/local/sdkman/candidates/java/8.0.312-tem/jre (org.apache.zookeeper.server.ZooKeeperServer)
[2022-01-30 21:01:14,325] INFO Server environment:java.class.path=/workspaces/Homelab/kafka_2.13-3.1.0/bin/../libs/activation-1.1.1.jar:/workspaces/Homelab/kafka_2.13-3.1.0/bin/../libs/aopalliance-repackaged-2.6.1.jar:/workspaces/Homelab/kafka_2.13-3.1.0/bin/../libs/argparse4j-0.7.0.jar:/workspaces/Homelab/kafka_2.13-3.1.0/bin/../libs/audience-annotations-0.5.0.jar:/workspaces/Homelab/kafka_2.13-3.1.0/bin/../libs/commons-cli-1.4.jar:/workspaces/Homelab/kafka_2.13-3.1.0/bin/../libs/commons-lang3-3.8.1.jar:/workspaces/Homelab/kafka_2.13-3.1.0/bin/../libs/connect-api-3.1.0.jar:/workspaces/Homelab/kafka_2.13-3.1.0/bin/../libs/connect-basic-auth-extension-3.1.0.jar:/workspaces/Homelab/kafka_2.13-3.1.0/bin/../libs/connect-file-3.1.0.jar:/workspaces/Homelab/kafka_2.13-3.1.0/bin/../libs/connect-json-3.1.0.jar:/workspaces/Homelab/kafka_2.13-3.1.0/bin/../libs/connect-mirror-3.1.0.jar:/workspaces/Homelab/kafka_2.13-3.1.0/bin/../libs/connect-mirror-client-3.1.0.jar:/workspaces/Homelab/kafka_2.13-3.1.0/bin/../libs/connect-runtime-3.1.0.jar:/workspaces/Homelab/kafka_2.13-3.1.0/bin/../libs/connect-transforms-3.1.0.jar:/workspaces/Homelab/kafka_2.13-3.1.0/bin/../libs/hk2-api-2.6.1.jar:/workspaces/Homelab/kafka_2.13-3.1.0/bin/../libs/hk2-locator-2.6.1.jar:/workspaces/Homelab/kafka_2.13-3.1.0/bin/../libs/hk2-utils-2.6.1.jar:/workspaces/Homelab/kafka_2.13-3.1.0/bin/../libs/jackson-annotations-2.12.3.jar:/workspaces/Homelab/kafka_2.13-3.1.0/bin/../libs/jackson-core-2.12.3.jar:/workspaces/Homelab/kafka_2.13-3.1.0/bin/../libs/jackson-databind-2.12.3.jar:/workspaces/Homelab/kafka_2.13-3.1.0/bin/../libs/jackson-dataformat-csv-2.12.3.jar:/workspaces/Homelab/kafka_2.13-3.1.0/bin/../libs/jackson-datatype-jdk8-2.12.3.jar:/workspaces/Homelab/kafka_2.13-3.1.0/bin/../libs/jackson-jaxrs-base-2.12.3.jar:/workspaces/Homelab/kafka_2.13-3.1.0/bin/../libs/jackson-jaxrs-json-provider-2.12.3.jar:/workspaces/Homelab/kafka_2.13-3.1.0/bin/../libs/jackson-module-jaxb-annotations-2.12.3.jar:/workspaces/Homelab/kafka_2.13-3.1.0/bin/../libs/jackson-module-scala_2.13-2.12.3.jar:/workspaces/Homelab/kafka_2.13-3.1.0/bin/../libs/jakarta.activation-api-1.2.1.jar:/workspaces/Homelab/kafka_2.13-3.1.0/bin/../libs/jakarta.annotation-api-1.3.5.jar:/workspaces/Homelab/kafka_2.13-3.1.0/bin/../libs/jakarta.inject-2.6.1.jar:/workspaces/Homelab/kafka_2.13-3.1.0/bin/../libs/jakarta.validation-api-2.0.2.jar:/workspaces/Homelab/kafka_2.13-3.1.0/bin/../libs/jakarta.ws.rs-api-2.1.6.jar:/workspaces/Homelab/kafka_2.13-3.1.0/bin/../libs/jakarta.xml.bind-api-2.3.2.jar:/workspaces/Homelab/kafka_2.13-3.1.0/bin/../libs/javassist-3.27.0-GA.jar:/workspaces/Homelab/kafka_2.13-3.1.0/bin/../libs/javax.servlet-api-3.1.0.jar:/workspaces/Homelab/kafka_2.13-3.1.0/bin/../libs/javax.ws.rs-api-2.1.1.jar:/workspaces/Homelab/kafka_2.13-3.1.0/bin/../libs/jaxb-api-2.3.0.jar:/workspaces/Homelab/kafka_2.13-3.1.0/bin/../libs/jersey-client-2.34.jar:/workspaces/Homelab/kafka_2.13-3.1.0/bin/../libs/jersey-common-2.34.jar:/workspaces/Homelab/kafka_2.13-3.1.0/bin/../libs/jersey-container-servlet-2.34.jar:/workspaces/Homelab/kafka_2.13-3.1.0/bin/../libs/jersey-container-servlet-core-2.34.jar:/workspaces/Homelab/kafka_2.13-3.1.0/bin/../libs/jersey-hk2-2.34.jar:/workspaces/Homelab/kafka_2.13-3.1.0/bin/../libs/jersey-server-2.34.jar:/workspaces/Homelab/kafka_2.13-3.1.0/bin/../libs/jetty-client-9.4.43.v20210629.jar:/workspaces/Homelab/kafka_2.13-3.1.0/bin/../libs/jetty-continuation-9.4.43.v20210629.jar:/workspaces/Homelab/kafka_2.13-3.1.0/bin/../libs/jetty-http-9.4.43.v20210629.jar:/workspaces/Homelab/kafka_2.13-3.1.0/bin/../libs/jetty-io-9.4.43.v20210629.jar:/workspaces/Homelab/kafka_2.13-3.1.0/bin/../libs/jetty-security-9.4.43.v20210629.jar:/workspaces/Homelab/kafka_2.13-3.1.0/bin/../libs/jetty-server-9.4.43.v20210629.jar:/workspaces/Homelab/kafka_2.13-3.1.0/bin/../libs/jetty-servlet-9.4.43.v20210629.jar:/workspaces/Homelab/kafka_2.13-3.1.0/bin/../libs/jetty-servlets-9.4.43.v20210629.jar:/workspaces/Homelab/kafka_2.13-3.1.0/bin/../libs/jetty-util-9.4.43.v20210629.jar:/workspaces/Homelab/kafka_2.13-3.1.0/bin/../libs/jetty-util-ajax-9.4.43.v20210629.jar:/workspaces/Homelab/kafka_2.13-3.1.0/bin/../libs/jline-3.12.1.jar:/workspaces/Homelab/kafka_2.13-3.1.0/bin/../libs/jopt-simple-5.0.4.jar:/workspaces/Homelab/kafka_2.13-3.1.0/bin/../libs/jose4j-0.7.8.jar:/workspaces/Homelab/kafka_2.13-3.1.0/bin/../libs/kafka_2.13-3.1.0.jar:/workspaces/Homelab/kafka_2.13-3.1.0/bin/../libs/kafka-clients-3.1.0.jar:/workspaces/Homelab/kafka_2.13-3.1.0/bin/../libs/kafka-log4j-appender-3.1.0.jar:/workspaces/Homelab/kafka_2.13-3.1.0/bin/../libs/kafka-metadata-3.1.0.jar:/workspaces/Homelab/kafka_2.13-3.1.0/bin/../libs/kafka-raft-3.1.0.jar:/workspaces/Homelab/kafka_2.13-3.1.0/bin/../libs/kafka-server-common-3.1.0.jar:/workspaces/Homelab/kafka_2.13-3.1.0/bin/../libs/kafka-shell-3.1.0.jar:/workspaces/Homelab/kafka_2.13-3.1.0/bin/../libs/kafka-storage-3.1.0.jar:/workspaces/Homelab/kafka_2.13-3.1.0/bin/../libs/kafka-storage-api-3.1.0.jar:/workspaces/Homelab/kafka_2.13-3.1.0/bin/../libs/kafka-streams-3.1.0.jar:/workspaces/Homelab/kafka_2.13-3.1.0/bin/../libs/kafka-streams-examples-3.1.0.jar:/workspaces/Homelab/kafka_2.13-3.1.0/bin/../libs/kafka-streams-scala_2.13-3.1.0.jar:/workspaces/Homelab/kafka_2.13-3.1.0/bin/../libs/kafka-streams-test-utils-3.1.0.jar:/workspaces/Homelab/kafka_2.13-3.1.0/bin/../libs/kafka-tools-3.1.0.jar:/workspaces/Homelab/kafka_2.13-3.1.0/bin/../libs/log4j-1.2.17.jar:/workspaces/Homelab/kafka_2.13-3.1.0/bin/../libs/lz4-java-1.8.0.jar:/workspaces/Homelab/kafka_2.13-3.1.0/bin/../libs/maven-artifact-3.8.1.jar:/workspaces/Homelab/kafka_2.13-3.1.0/bin/../libs/metrics-core-2.2.0.jar:/workspaces/Homelab/kafka_2.13-3.1.0/bin/../libs/metrics-core-4.1.12.1.jar:/workspaces/Homelab/kafka_2.13-3.1.0/bin/../libs/netty-buffer-4.1.68.Final.jar:/workspaces/Homelab/kafka_2.13-3.1.0/bin/../libs/netty-codec-4.1.68.Final.jar:/workspaces/Homelab/kafka_2.13-3.1.0/bin/../libs/netty-common-4.1.68.Final.jar:/workspaces/Homelab/kafka_2.13-3.1.0/bin/../libs/netty-handler-4.1.68.Final.jar:/workspaces/Homelab/kafka_2.13-3.1.0/bin/../libs/netty-resolver-4.1.68.Final.jar:/workspaces/Homelab/kafka_2.13-3.1.0/bin/../libs/netty-transport-4.1.68.Final.jar:/workspaces/Homelab/kafka_2.13-3.1.0/bin/../libs/netty-transport-native-epoll-4.1.68.Final.jar:/workspaces/Homelab/kafka_2.13-3.1.0/bin/../libs/netty-transport-native-unix-common-4.1.68.Final.jar:/workspaces/Homelab/kafka_2.13-3.1.0/bin/../libs/osgi-resource-locator-1.0.3.jar:/workspaces/Homelab/kafka_2.13-3.1.0/bin/../libs/paranamer-2.8.jar:/workspaces/Homelab/kafka_2.13-3.1.0/bin/../libs/plexus-utils-3.2.1.jar:/workspaces/Homelab/kafka_2.13-3.1.0/bin/../libs/reflections-0.9.12.jar:/workspaces/Homelab/kafka_2.13-3.1.0/bin/../libs/rocksdbjni-6.22.1.1.jar:/workspaces/Homelab/kafka_2.13-3.1.0/bin/../libs/scala-collection-compat_2.13-2.4.4.jar:/workspaces/Homelab/kafka_2.13-3.1.0/bin/../libs/scala-java8-compat_2.13-1.0.0.jar:/workspaces/Homelab/kafka_2.13-3.1.0/bin/../libs/scala-library-2.13.6.jar:/workspaces/Homelab/kafka_2.13-3.1.0/bin/../libs/scala-logging_2.13-3.9.3.jar:/workspaces/Homelab/kafka_2.13-3.1.0/bin/../libs/scala-reflect-2.13.6.jar:/workspaces/Homelab/kafka_2.13-3.1.0/bin/../libs/slf4j-api-1.7.30.jar:/workspaces/Homelab/kafka_2.13-3.1.0/bin/../libs/slf4j-log4j12-1.7.30.jar:/workspaces/Homelab/kafka_2.13-3.1.0/bin/../libs/snappy-java-1.1.8.4.jar:/workspaces/Homelab/kafka_2.13-3.1.0/bin/../libs/trogdor-3.1.0.jar:/workspaces/Homelab/kafka_2.13-3.1.0/bin/../libs/zookeeper-3.6.3.jar:/workspaces/Homelab/kafka_2.13-3.1.0/bin/../libs/zookeeper-jute-3.6.3.jar:/workspaces/Homelab/kafka_2.13-3.1.0/bin/../libs/zstd-jni-1.5.0-4.jar (org.apache.zookeeper.server.ZooKeeperServer)
[2022-01-30 21:01:14,330] INFO Server environment:java.library.path=/usr/java/packages/lib/amd64:/usr/lib64:/lib64:/lib:/usr/lib (org.apache.zookeeper.server.ZooKeeperServer)
[2022-01-30 21:01:14,332] INFO Server environment:java.io.tmpdir=/tmp (org.apache.zookeeper.server.ZooKeeperServer)
[2022-01-30 21:01:14,334] INFO Server environment:java.compiler=<NA> (org.apache.zookeeper.server.ZooKeeperServer)
[2022-01-30 21:01:14,335] INFO Server environment:os.name=Linux (org.apache.zookeeper.server.ZooKeeperServer)
[2022-01-30 21:01:14,337] INFO Server environment:os.arch=amd64 (org.apache.zookeeper.server.ZooKeeperServer)
[2022-01-30 21:01:14,339] INFO Server environment:os.version=5.10.76-linuxkit (org.apache.zookeeper.server.ZooKeeperServer)
[2022-01-30 21:01:14,340] INFO Server environment:user.name=vscode (org.apache.zookeeper.server.ZooKeeperServer)
[2022-01-30 21:01:14,341] INFO Server environment:user.home=/home/vscode (org.apache.zookeeper.server.ZooKeeperServer)
[2022-01-30 21:01:14,342] INFO Server environment:user.dir=/workspaces/Homelab/kafka_2.13-3.1.0 (org.apache.zookeeper.server.ZooKeeperServer)
[2022-01-30 21:01:14,343] INFO Server environment:os.memory.free=493MB (org.apache.zookeeper.server.ZooKeeperServer)
[2022-01-30 21:01:14,345] INFO Server environment:os.memory.max=512MB (org.apache.zookeeper.server.ZooKeeperServer)
[2022-01-30 21:01:14,346] INFO Server environment:os.memory.total=512MB (org.apache.zookeeper.server.ZooKeeperServer)
[2022-01-30 21:01:14,348] INFO zookeeper.enableEagerACLCheck = false (org.apache.zookeeper.server.ZooKeeperServer)
[2022-01-30 21:01:14,350] INFO zookeeper.digest.enabled = true (org.apache.zookeeper.server.ZooKeeperServer)
[2022-01-30 21:01:14,352] INFO zookeeper.closeSessionTxn.enabled = true (org.apache.zookeeper.server.ZooKeeperServer)
[2022-01-30 21:01:14,354] INFO zookeeper.flushDelay=0 (org.apache.zookeeper.server.ZooKeeperServer)
[2022-01-30 21:01:14,355] INFO zookeeper.maxWriteQueuePollTime=0 (org.apache.zookeeper.server.ZooKeeperServer)
[2022-01-30 21:01:14,357] INFO zookeeper.maxBatchSize=1000 (org.apache.zookeeper.server.ZooKeeperServer)
[2022-01-30 21:01:14,359] INFO zookeeper.intBufferStartingSizeBytes = 1024 (org.apache.zookeeper.server.ZooKeeperServer)
[2022-01-30 21:01:14,365] INFO Weighed connection throttling is disabled (org.apache.zookeeper.server.BlueThrottle)
[2022-01-30 21:01:14,377] INFO minSessionTimeout set to 6000 (org.apache.zookeeper.server.ZooKeeperServer)
[2022-01-30 21:01:14,379] INFO maxSessionTimeout set to 60000 (org.apache.zookeeper.server.ZooKeeperServer)
[2022-01-30 21:01:14,411] INFO Response cache size is initialized with value 400. (org.apache.zookeeper.server.ResponseCache)
[2022-01-30 21:01:14,415] INFO Response cache size is initialized with value 400. (org.apache.zookeeper.server.ResponseCache)
[2022-01-30 21:01:14,423] INFO zookeeper.pathStats.slotCapacity = 60 (org.apache.zookeeper.server.util.RequestPathMetricsCollector)
[2022-01-30 21:01:14,424] INFO zookeeper.pathStats.slotDuration = 15 (org.apache.zookeeper.server.util.RequestPathMetricsCollector)
[2022-01-30 21:01:14,426] INFO zookeeper.pathStats.maxDepth = 6 (org.apache.zookeeper.server.util.RequestPathMetricsCollector)
[2022-01-30 21:01:14,428] INFO zookeeper.pathStats.initialDelay = 5 (org.apache.zookeeper.server.util.RequestPathMetricsCollector)
[2022-01-30 21:01:14,431] INFO zookeeper.pathStats.delay = 5 (org.apache.zookeeper.server.util.RequestPathMetricsCollector)
[2022-01-30 21:01:14,432] INFO zookeeper.pathStats.enabled = false (org.apache.zookeeper.server.util.RequestPathMetricsCollector)
[2022-01-30 21:01:14,443] INFO The max bytes for all large requests are set to 104857600 (org.apache.zookeeper.server.ZooKeeperServer)
[2022-01-30 21:01:14,444] INFO The large request threshold is set to -1 (org.apache.zookeeper.server.ZooKeeperServer)
[2022-01-30 21:01:14,445] INFO Created server with tickTime 3000 minSessionTimeout 6000 maxSessionTimeout 60000 clientPortListenBacklog -1 datadir /tmp/zookeeper/version-2 snapdir /tmp/zookeeper/version-2 (org.apache.zookeeper.server.ZooKeeperServer)
[2022-01-30 21:01:14,488] INFO Using org.apache.zookeeper.server.NIOServerCnxnFactory as server connection factory (org.apache.zookeeper.server.ServerCnxnFactory)
[2022-01-30 21:01:14,496] WARN maxCnxns is not configured, using default value 0. (org.apache.zookeeper.server.ServerCnxnFactory)
[2022-01-30 21:01:14,503] INFO Configuring NIO connection handler with 10s sessionless connection timeout, 1 selector thread(s), 12 worker threads, and 64 kB direct buffers. (org.apache.zookeeper.server.NIOServerCnxnFactory)
[2022-01-30 21:01:14,519] INFO binding to port 0.0.0.0/0.0.0.0:2181 (org.apache.zookeeper.server.NIOServerCnxnFactory)
[2022-01-30 21:01:14,562] INFO Using org.apache.zookeeper.server.watch.WatchManager as watch manager (org.apache.zookeeper.server.watch.WatchManagerFactory)
[2022-01-30 21:01:14,563] INFO Using org.apache.zookeeper.server.watch.WatchManager as watch manager (org.apache.zookeeper.server.watch.WatchManagerFactory)
[2022-01-30 21:01:14,568] INFO zookeeper.snapshotSizeFactor = 0.33 (org.apache.zookeeper.server.ZKDatabase)
[2022-01-30 21:01:14,569] INFO zookeeper.commitLogCount=500 (org.apache.zookeeper.server.ZKDatabase)
[2022-01-30 21:01:14,592] INFO zookeeper.snapshot.compression.method = CHECKED (org.apache.zookeeper.server.persistence.SnapStream)
[2022-01-30 21:01:14,593] INFO Snapshotting: 0x0 to /tmp/zookeeper/version-2/snapshot.0 (org.apache.zookeeper.server.persistence.FileTxnSnapLog)
[2022-01-30 21:01:14,607] INFO Snapshot loaded in 37 ms, highest zxid is 0x0, digest is 1371985504 (org.apache.zookeeper.server.ZKDatabase)
[2022-01-30 21:01:14,609] INFO Snapshotting: 0x0 to /tmp/zookeeper/version-2/snapshot.0 (org.apache.zookeeper.server.persistence.FileTxnSnapLog)
[2022-01-30 21:01:14,612] INFO Snapshot taken in 2 ms (org.apache.zookeeper.server.ZooKeeperServer)
[2022-01-30 21:01:14,654] INFO PrepRequestProcessor (sid:0) started, reconfigEnabled=false (org.apache.zookeeper.server.PrepRequestProcessor)
[2022-01-30 21:01:14,655] INFO zookeeper.request_throttler.shutdownTimeout = 10000 (org.apache.zookeeper.server.RequestThrottler)
[2022-01-30 21:01:14,686] INFO Using checkIntervalMs=60000 maxPerMinute=10000 maxNeverUsedIntervalMs=0 (org.apache.zookeeper.server.ContainerManager)
[2022-01-30 21:01:14,688] INFO ZooKeeper audit is disabled. (org.apache.zookeeper.audit.ZKAuditProvider)
[2022-01-30 21:01:19,493] WARN Close of session 0x0 (org.apache.zookeeper.server.NIOServerCnxn)
java.io.IOException: Len error 1195725856
	at org.apache.zookeeper.server.NIOServerCnxn.readLength(NIOServerCnxn.java:541)
	at org.apache.zookeeper.server.NIOServerCnxn.doIO(NIOServerCnxn.java:332)
	at org.apache.zookeeper.server.NIOServerCnxnFactory$IOWorkRequest.doWork(NIOServerCnxnFactory.java:522)
	at org.apache.zookeeper.server.WorkerService$ScheduledWorkRequest.run(WorkerService.java:154)
	at java.util.concurrent.ThreadPoolExecutor.runWorker(ThreadPoolExecutor.java:1149)
	at java.util.concurrent.ThreadPoolExecutor$Worker.run(ThreadPoolExecutor.java:624)
	at java.lang.Thread.run(Thread.java:748)
[2022-01-30 21:01:19,572] WARN Close of session 0x0 (org.apache.zookeeper.server.NIOServerCnxn)
java.io.IOException: Len error 1195725856
	at org.apache.zookeeper.server.NIOServerCnxn.readLength(NIOServerCnxn.java:541)
	at org.apache.zookeeper.server.NIOServerCnxn.doIO(NIOServerCnxn.java:332)
	at org.apache.zookeeper.server.NIOServerCnxnFactory$IOWorkRequest.doWork(NIOServerCnxnFactory.java:522)
	at org.apache.zookeeper.server.WorkerService$ScheduledWorkRequest.run(WorkerService.java:154)
	at java.util.concurrent.ThreadPoolExecutor.runWorker(ThreadPoolExecutor.java:1149)
	at java.util.concurrent.ThreadPoolExecutor$Worker.run(ThreadPoolExecutor.java:624)
	at java.lang.Thread.run(Thread.java:748)
[2022-01-30 21:01:19,976] WARN Close of session 0x0 (org.apache.zookeeper.server.NIOServerCnxn)
java.io.IOException: Len error 1195725856
	at org.apache.zookeeper.server.NIOServerCnxn.readLength(NIOServerCnxn.java:541)
	at org.apache.zookeeper.server.NIOServerCnxn.doIO(NIOServerCnxn.java:332)
	at org.apache.zookeeper.server.NIOServerCnxnFactory$IOWorkRequest.doWork(NIOServerCnxnFactory.java:522)
	at org.apache.zookeeper.server.WorkerService$ScheduledWorkRequest.run(WorkerService.java:154)
	at java.util.concurrent.ThreadPoolExecutor.runWorker(ThreadPoolExecutor.java:1149)
	at java.util.concurrent.ThreadPoolExecutor$Worker.run(ThreadPoolExecutor.java:624)
	at java.lang.Thread.run(Thread.java:748)
[2022-01-30 21:01:21,553] WARN Close of session 0x0 (org.apache.zookeeper.server.NIOServerCnxn)
java.io.IOException: Len error 1195725856
	at org.apache.zookeeper.server.NIOServerCnxn.readLength(NIOServerCnxn.java:541)
	at org.apache.zookeeper.server.NIOServerCnxn.doIO(NIOServerCnxn.java:332)
	at org.apache.zookeeper.server.NIOServerCnxnFactory$IOWorkRequest.doWork(NIOServerCnxnFactory.java:522)
	at org.apache.zookeeper.server.WorkerService$ScheduledWorkRequest.run(WorkerService.java:154)
	at java.util.concurrent.ThreadPoolExecutor.runWorker(ThreadPoolExecutor.java:1149)
	at java.util.concurrent.ThreadPoolExecutor$Worker.run(ThreadPoolExecutor.java:624)
	at java.lang.Thread.run(Thread.java:748)
[2022-01-30 21:01:21,634] WARN Close of session 0x0 (org.apache.zookeeper.server.NIOServerCnxn)
java.io.IOException: Len error 1195725856
	at org.apache.zookeeper.server.NIOServerCnxn.readLength(NIOServerCnxn.java:541)
	at org.apache.zookeeper.server.NIOServerCnxn.doIO(NIOServerCnxn.java:332)
	at org.apache.zookeeper.server.NIOServerCnxnFactory$IOWorkRequest.doWork(NIOServerCnxnFactory.java:522)
	at org.apache.zookeeper.server.WorkerService$ScheduledWorkRequest.run(WorkerService.java:154)
	at java.util.concurrent.ThreadPoolExecutor.runWorker(ThreadPoolExecutor.java:1149)
	at java.util.concurrent.ThreadPoolExecutor$Worker.run(ThreadPoolExecutor.java:624)
	at java.lang.Thread.run(Thread.java:748)
[2022-01-30 21:01:22,064] WARN Close of session 0x0 (org.apache.zookeeper.server.NIOServerCnxn)
java.io.IOException: Len error 1195725856
	at org.apache.zookeeper.server.NIOServerCnxn.readLength(NIOServerCnxn.java:541)
	at org.apache.zookeeper.server.NIOServerCnxn.doIO(NIOServerCnxn.java:332)
	at org.apache.zookeeper.server.NIOServerCnxnFactory$IOWorkRequest.doWork(NIOServerCnxnFactory.java:522)
	at org.apache.zookeeper.server.WorkerService$ScheduledWorkRequest.run(WorkerService.java:154)
	at java.util.concurrent.ThreadPoolExecutor.runWorker(ThreadPoolExecutor.java:1149)
	at java.util.concurrent.ThreadPoolExecutor$Worker.run(ThreadPoolExecutor.java:624)
	at java.lang.Thread.run(Thread.java:748)
[2022-01-30 21:01:50,464] INFO Registered kafka:type=kafka.Log4jController MBean (kafka.utils.Log4jControllerRegistration$)
[2022-01-30 21:01:50,899] INFO Setting -D jdk.tls.rejectClientInitiatedRenegotiation=true to disable client-initiated TLS renegotiation (org.apache.zookeeper.common.X509Util)
[2022-01-30 21:01:51,037] INFO Registered signal handlers for TERM, INT, HUP (org.apache.kafka.common.utils.LoggingSignalHandler)
[2022-01-30 21:01:51,064] INFO starting (kafka.server.KafkaServer)
[2022-01-30 21:01:51,068] INFO Connecting to zookeeper on localhost:2181 (kafka.server.KafkaServer)
[2022-01-30 21:01:51,104] INFO [ZooKeeperClient Kafka server] Initializing a new session to localhost:2181. (kafka.zookeeper.ZooKeeperClient)
[2022-01-30 21:01:51,114] INFO Client environment:zookeeper.version=3.6.3--6401e4ad2087061bc6b9f80dec2d69f2e3c8660a, built on 04/08/2021 16:35 GMT (org.apache.zookeeper.ZooKeeper)
[2022-01-30 21:01:51,115] INFO Client environment:host.name=e5ab84bbde44 (org.apache.zookeeper.ZooKeeper)
[2022-01-30 21:01:51,117] INFO Client environment:java.version=1.8.0_312 (org.apache.zookeeper.ZooKeeper)
[2022-01-30 21:01:51,118] INFO Client environment:java.vendor=Temurin (org.apache.zookeeper.ZooKeeper)
[2022-01-30 21:01:51,119] INFO Client environment:java.home=/usr/local/sdkman/candidates/java/8.0.312-tem/jre (org.apache.zookeeper.ZooKeeper)
[2022-01-30 21:01:51,120] INFO Client environment:java.class.path=/workspaces/Homelab/kafka_2.13-3.1.0/bin/../libs/activation-1.1.1.jar:/workspaces/Homelab/kafka_2.13-3.1.0/bin/../libs/aopalliance-repackaged-2.6.1.jar:/workspaces/Homelab/kafka_2.13-3.1.0/bin/../libs/argparse4j-0.7.0.jar:/workspaces/Homelab/kafka_2.13-3.1.0/bin/../libs/audience-annotations-0.5.0.jar:/workspaces/Homelab/kafka_2.13-3.1.0/bin/../libs/commons-cli-1.4.jar:/workspaces/Homelab/kafka_2.13-3.1.0/bin/../libs/commons-lang3-3.8.1.jar:/workspaces/Homelab/kafka_2.13-3.1.0/bin/../libs/connect-api-3.1.0.jar:/workspaces/Homelab/kafka_2.13-3.1.0/bin/../libs/connect-basic-auth-extension-3.1.0.jar:/workspaces/Homelab/kafka_2.13-3.1.0/bin/../libs/connect-file-3.1.0.jar:/workspaces/Homelab/kafka_2.13-3.1.0/bin/../libs/connect-json-3.1.0.jar:/workspaces/Homelab/kafka_2.13-3.1.0/bin/../libs/connect-mirror-3.1.0.jar:/workspaces/Homelab/kafka_2.13-3.1.0/bin/../libs/connect-mirror-client-3.1.0.jar:/workspaces/Homelab/kafka_2.13-3.1.0/bin/../libs/connect-runtime-3.1.0.jar:/workspaces/Homelab/kafka_2.13-3.1.0/bin/../libs/connect-transforms-3.1.0.jar:/workspaces/Homelab/kafka_2.13-3.1.0/bin/../libs/hk2-api-2.6.1.jar:/workspaces/Homelab/kafka_2.13-3.1.0/bin/../libs/hk2-locator-2.6.1.jar:/workspaces/Homelab/kafka_2.13-3.1.0/bin/../libs/hk2-utils-2.6.1.jar:/workspaces/Homelab/kafka_2.13-3.1.0/bin/../libs/jackson-annotations-2.12.3.jar:/workspaces/Homelab/kafka_2.13-3.1.0/bin/../libs/jackson-core-2.12.3.jar:/workspaces/Homelab/kafka_2.13-3.1.0/bin/../libs/jackson-databind-2.12.3.jar:/workspaces/Homelab/kafka_2.13-3.1.0/bin/../libs/jackson-dataformat-csv-2.12.3.jar:/workspaces/Homelab/kafka_2.13-3.1.0/bin/../libs/jackson-datatype-jdk8-2.12.3.jar:/workspaces/Homelab/kafka_2.13-3.1.0/bin/../libs/jackson-jaxrs-base-2.12.3.jar:/workspaces/Homelab/kafka_2.13-3.1.0/bin/../libs/jackson-jaxrs-json-provider-2.12.3.jar:/workspaces/Homelab/kafka_2.13-3.1.0/bin/../libs/jackson-module-jaxb-annotations-2.12.3.jar:/workspaces/Homelab/kafka_2.13-3.1.0/bin/../libs/jackson-module-scala_2.13-2.12.3.jar:/workspaces/Homelab/kafka_2.13-3.1.0/bin/../libs/jakarta.activation-api-1.2.1.jar:/workspaces/Homelab/kafka_2.13-3.1.0/bin/../libs/jakarta.annotation-api-1.3.5.jar:/workspaces/Homelab/kafka_2.13-3.1.0/bin/../libs/jakarta.inject-2.6.1.jar:/workspaces/Homelab/kafka_2.13-3.1.0/bin/../libs/jakarta.validation-api-2.0.2.jar:/workspaces/Homelab/kafka_2.13-3.1.0/bin/../libs/jakarta.ws.rs-api-2.1.6.jar:/workspaces/Homelab/kafka_2.13-3.1.0/bin/../libs/jakarta.xml.bind-api-2.3.2.jar:/workspaces/Homelab/kafka_2.13-3.1.0/bin/../libs/javassist-3.27.0-GA.jar:/workspaces/Homelab/kafka_2.13-3.1.0/bin/../libs/javax.servlet-api-3.1.0.jar:/workspaces/Homelab/kafka_2.13-3.1.0/bin/../libs/javax.ws.rs-api-2.1.1.jar:/workspaces/Homelab/kafka_2.13-3.1.0/bin/../libs/jaxb-api-2.3.0.jar:/workspaces/Homelab/kafka_2.13-3.1.0/bin/../libs/jersey-client-2.34.jar:/workspaces/Homelab/kafka_2.13-3.1.0/bin/../libs/jersey-common-2.34.jar:/workspaces/Homelab/kafka_2.13-3.1.0/bin/../libs/jersey-container-servlet-2.34.jar:/workspaces/Homelab/kafka_2.13-3.1.0/bin/../libs/jersey-container-servlet-core-2.34.jar:/workspaces/Homelab/kafka_2.13-3.1.0/bin/../libs/jersey-hk2-2.34.jar:/workspaces/Homelab/kafka_2.13-3.1.0/bin/../libs/jersey-server-2.34.jar:/workspaces/Homelab/kafka_2.13-3.1.0/bin/../libs/jetty-client-9.4.43.v20210629.jar:/workspaces/Homelab/kafka_2.13-3.1.0/bin/../libs/jetty-continuation-9.4.43.v20210629.jar:/workspaces/Homelab/kafka_2.13-3.1.0/bin/../libs/jetty-http-9.4.43.v20210629.jar:/workspaces/Homelab/kafka_2.13-3.1.0/bin/../libs/jetty-io-9.4.43.v20210629.jar:/workspaces/Homelab/kafka_2.13-3.1.0/bin/../libs/jetty-security-9.4.43.v20210629.jar:/workspaces/Homelab/kafka_2.13-3.1.0/bin/../libs/jetty-server-9.4.43.v20210629.jar:/workspaces/Homelab/kafka_2.13-3.1.0/bin/../libs/jetty-servlet-9.4.43.v20210629.jar:/workspaces/Homelab/kafka_2.13-3.1.0/bin/../libs/jetty-servlets-9.4.43.v20210629.jar:/workspaces/Homelab/kafka_2.13-3.1.0/bin/../libs/jetty-util-9.4.43.v20210629.jar:/workspaces/Homelab/kafka_2.13-3.1.0/bin/../libs/jetty-util-ajax-9.4.43.v20210629.jar:/workspaces/Homelab/kafka_2.13-3.1.0/bin/../libs/jline-3.12.1.jar:/workspaces/Homelab/kafka_2.13-3.1.0/bin/../libs/jopt-simple-5.0.4.jar:/workspaces/Homelab/kafka_2.13-3.1.0/bin/../libs/jose4j-0.7.8.jar:/workspaces/Homelab/kafka_2.13-3.1.0/bin/../libs/kafka_2.13-3.1.0.jar:/workspaces/Homelab/kafka_2.13-3.1.0/bin/../libs/kafka-clients-3.1.0.jar:/workspaces/Homelab/kafka_2.13-3.1.0/bin/../libs/kafka-log4j-appender-3.1.0.jar:/workspaces/Homelab/kafka_2.13-3.1.0/bin/../libs/kafka-metadata-3.1.0.jar:/workspaces/Homelab/kafka_2.13-3.1.0/bin/../libs/kafka-raft-3.1.0.jar:/workspaces/Homelab/kafka_2.13-3.1.0/bin/../libs/kafka-server-common-3.1.0.jar:/workspaces/Homelab/kafka_2.13-3.1.0/bin/../libs/kafka-shell-3.1.0.jar:/workspaces/Homelab/kafka_2.13-3.1.0/bin/../libs/kafka-storage-3.1.0.jar:/workspaces/Homelab/kafka_2.13-3.1.0/bin/../libs/kafka-storage-api-3.1.0.jar:/workspaces/Homelab/kafka_2.13-3.1.0/bin/../libs/kafka-streams-3.1.0.jar:/workspaces/Homelab/kafka_2.13-3.1.0/bin/../libs/kafka-streams-examples-3.1.0.jar:/workspaces/Homelab/kafka_2.13-3.1.0/bin/../libs/kafka-streams-scala_2.13-3.1.0.jar:/workspaces/Homelab/kafka_2.13-3.1.0/bin/../libs/kafka-streams-test-utils-3.1.0.jar:/workspaces/Homelab/kafka_2.13-3.1.0/bin/../libs/kafka-tools-3.1.0.jar:/workspaces/Homelab/kafka_2.13-3.1.0/bin/../libs/log4j-1.2.17.jar:/workspaces/Homelab/kafka_2.13-3.1.0/bin/../libs/lz4-java-1.8.0.jar:/workspaces/Homelab/kafka_2.13-3.1.0/bin/../libs/maven-artifact-3.8.1.jar:/workspaces/Homelab/kafka_2.13-3.1.0/bin/../libs/metrics-core-2.2.0.jar:/workspaces/Homelab/kafka_2.13-3.1.0/bin/../libs/metrics-core-4.1.12.1.jar:/workspaces/Homelab/kafka_2.13-3.1.0/bin/../libs/netty-buffer-4.1.68.Final.jar:/workspaces/Homelab/kafka_2.13-3.1.0/bin/../libs/netty-codec-4.1.68.Final.jar:/workspaces/Homelab/kafka_2.13-3.1.0/bin/../libs/netty-common-4.1.68.Final.jar:/workspaces/Homelab/kafka_2.13-3.1.0/bin/../libs/netty-handler-4.1.68.Final.jar:/workspaces/Homelab/kafka_2.13-3.1.0/bin/../libs/netty-resolver-4.1.68.Final.jar:/workspaces/Homelab/kafka_2.13-3.1.0/bin/../libs/netty-transport-4.1.68.Final.jar:/workspaces/Homelab/kafka_2.13-3.1.0/bin/../libs/netty-transport-native-epoll-4.1.68.Final.jar:/workspaces/Homelab/kafka_2.13-3.1.0/bin/../libs/netty-transport-native-unix-common-4.1.68.Final.jar:/workspaces/Homelab/kafka_2.13-3.1.0/bin/../libs/osgi-resource-locator-1.0.3.jar:/workspaces/Homelab/kafka_2.13-3.1.0/bin/../libs/paranamer-2.8.jar:/workspaces/Homelab/kafka_2.13-3.1.0/bin/../libs/plexus-utils-3.2.1.jar:/workspaces/Homelab/kafka_2.13-3.1.0/bin/../libs/reflections-0.9.12.jar:/workspaces/Homelab/kafka_2.13-3.1.0/bin/../libs/rocksdbjni-6.22.1.1.jar:/workspaces/Homelab/kafka_2.13-3.1.0/bin/../libs/scala-collection-compat_2.13-2.4.4.jar:/workspaces/Homelab/kafka_2.13-3.1.0/bin/../libs/scala-java8-compat_2.13-1.0.0.jar:/workspaces/Homelab/kafka_2.13-3.1.0/bin/../libs/scala-library-2.13.6.jar:/workspaces/Homelab/kafka_2.13-3.1.0/bin/../libs/scala-logging_2.13-3.9.3.jar:/workspaces/Homelab/kafka_2.13-3.1.0/bin/../libs/scala-reflect-2.13.6.jar:/workspaces/Homelab/kafka_2.13-3.1.0/bin/../libs/slf4j-api-1.7.30.jar:/workspaces/Homelab/kafka_2.13-3.1.0/bin/../libs/slf4j-log4j12-1.7.30.jar:/workspaces/Homelab/kafka_2.13-3.1.0/bin/../libs/snappy-java-1.1.8.4.jar:/workspaces/Homelab/kafka_2.13-3.1.0/bin/../libs/trogdor-3.1.0.jar:/workspaces/Homelab/kafka_2.13-3.1.0/bin/../libs/zookeeper-3.6.3.jar:/workspaces/Homelab/kafka_2.13-3.1.0/bin/../libs/zookeeper-jute-3.6.3.jar:/workspaces/Homelab/kafka_2.13-3.1.0/bin/../libs/zstd-jni-1.5.0-4.jar (org.apache.zookeeper.ZooKeeper)
[2022-01-30 21:01:51,124] INFO Client environment:java.library.path=/usr/java/packages/lib/amd64:/usr/lib64:/lib64:/lib:/usr/lib (org.apache.zookeeper.ZooKeeper)
[2022-01-30 21:01:51,125] INFO Client environment:java.io.tmpdir=/tmp (org.apache.zookeeper.ZooKeeper)
[2022-01-30 21:01:51,126] INFO Client environment:java.compiler=<NA> (org.apache.zookeeper.ZooKeeper)
[2022-01-30 21:01:51,127] INFO Client environment:os.name=Linux (org.apache.zookeeper.ZooKeeper)
[2022-01-30 21:01:51,129] INFO Client environment:os.arch=amd64 (org.apache.zookeeper.ZooKeeper)
[2022-01-30 21:01:51,130] INFO Client environment:os.version=5.10.76-linuxkit (org.apache.zookeeper.ZooKeeper)
[2022-01-30 21:01:51,133] INFO Client environment:user.name=vscode (org.apache.zookeeper.ZooKeeper)
[2022-01-30 21:01:51,134] INFO Client environment:user.home=/home/vscode (org.apache.zookeeper.ZooKeeper)
[2022-01-30 21:01:51,136] INFO Client environment:user.dir=/workspaces/Homelab/kafka_2.13-3.1.0 (org.apache.zookeeper.ZooKeeper)
[2022-01-30 21:01:51,138] INFO Client environment:os.memory.free=1011MB (org.apache.zookeeper.ZooKeeper)
[2022-01-30 21:01:51,139] INFO Client environment:os.memory.max=1024MB (org.apache.zookeeper.ZooKeeper)
[2022-01-30 21:01:51,141] INFO Client environment:os.memory.total=1024MB (org.apache.zookeeper.ZooKeeper)
[2022-01-30 21:01:51,147] INFO Initiating client connection, connectString=localhost:2181 sessionTimeout=18000 watcher=kafka.zookeeper.ZooKeeperClient$ZooKeeperClientWatcher$@78691363 (org.apache.zookeeper.ZooKeeper)
[2022-01-30 21:01:51,155] INFO jute.maxbuffer value is 4194304 Bytes (org.apache.zookeeper.ClientCnxnSocket)
[2022-01-30 21:01:51,163] INFO zookeeper.request.timeout value is 0. feature enabled=false (org.apache.zookeeper.ClientCnxn)
[2022-01-30 21:01:51,168] INFO [ZooKeeperClient Kafka server] Waiting until connected. (kafka.zookeeper.ZooKeeperClient)
[2022-01-30 21:01:51,174] INFO Opening socket connection to server localhost/127.0.0.1:2181. (org.apache.zookeeper.ClientCnxn)
[2022-01-30 21:01:51,175] INFO SASL config status: Will not attempt to authenticate using SASL (unknown error) (org.apache.zookeeper.ClientCnxn)
[2022-01-30 21:01:51,181] INFO Socket connection established, initiating session, client: /127.0.0.1:33730, server: localhost/127.0.0.1:2181 (org.apache.zookeeper.ClientCnxn)
[2022-01-30 21:01:51,194] INFO Creating new log file: log.1 (org.apache.zookeeper.server.persistence.FileTxnLog)
[2022-01-30 21:01:51,215] INFO Session establishment complete on server localhost/127.0.0.1:2181, session id = 0x100001442d00000, negotiated timeout = 18000 (org.apache.zookeeper.ClientCnxn)
[2022-01-30 21:01:51,221] INFO [ZooKeeperClient Kafka server] Connected. (kafka.zookeeper.ZooKeeperClient)
[2022-01-30 21:01:51,430] INFO [feature-zk-node-event-process-thread]: Starting (kafka.server.FinalizedFeatureChangeListener$ChangeNotificationProcessorThread)
[2022-01-30 21:01:51,451] INFO Feature ZK node at path: /feature does not exist (kafka.server.FinalizedFeatureChangeListener)
[2022-01-30 21:01:51,453] INFO Cleared cache (kafka.server.FinalizedFeatureCache)
[2022-01-30 21:01:51,727] INFO Cluster ID = uS7LnazrRPqdkH-GaBHxGQ (kafka.server.KafkaServer)
[2022-01-30 21:01:51,733] WARN No meta.properties file under dir /tmp/kafka-logs/meta.properties (kafka.server.BrokerMetadataCheckpoint)
[2022-01-30 21:01:51,803] INFO KafkaConfig values: 
	advertised.listeners = null
	alter.config.policy.class.name = null
	alter.log.dirs.replication.quota.window.num = 11
	alter.log.dirs.replication.quota.window.size.seconds = 1
	authorizer.class.name = 
	auto.create.topics.enable = true
	auto.leader.rebalance.enable = true
	background.threads = 10
	broker.heartbeat.interval.ms = 2000
	broker.id = 0
	broker.id.generation.enable = true
	broker.rack = null
	broker.session.timeout.ms = 9000
	client.quota.callback.class = null
	compression.type = producer
	connection.failed.authentication.delay.ms = 100
	connections.max.idle.ms = 600000
	connections.max.reauth.ms = 0
	control.plane.listener.name = null
	controlled.shutdown.enable = true
	controlled.shutdown.max.retries = 3
	controlled.shutdown.retry.backoff.ms = 5000
	controller.listener.names = null
	controller.quorum.append.linger.ms = 25
	controller.quorum.election.backoff.max.ms = 1000
	controller.quorum.election.timeout.ms = 1000
	controller.quorum.fetch.timeout.ms = 2000
	controller.quorum.request.timeout.ms = 2000
	controller.quorum.retry.backoff.ms = 20
	controller.quorum.voters = []
	controller.quota.window.num = 11
	controller.quota.window.size.seconds = 1
	controller.socket.timeout.ms = 30000
	create.topic.policy.class.name = null
	default.replication.factor = 1
	delegation.token.expiry.check.interval.ms = 3600000
	delegation.token.expiry.time.ms = 86400000
	delegation.token.master.key = null
	delegation.token.max.lifetime.ms = 604800000
	delegation.token.secret.key = null
	delete.records.purgatory.purge.interval.requests = 1
	delete.topic.enable = true
	fetch.max.bytes = 57671680
	fetch.purgatory.purge.interval.requests = 1000
	group.initial.rebalance.delay.ms = 0
	group.max.session.timeout.ms = 1800000
	group.max.size = 2147483647
	group.min.session.timeout.ms = 6000
	initial.broker.registration.timeout.ms = 60000
	inter.broker.listener.name = null
	inter.broker.protocol.version = 3.1-IV0
	kafka.metrics.polling.interval.secs = 10
	kafka.metrics.reporters = []
	leader.imbalance.check.interval.seconds = 300
	leader.imbalance.per.broker.percentage = 10
	listener.security.protocol.map = PLAINTEXT:PLAINTEXT,SSL:SSL,SASL_PLAINTEXT:SASL_PLAINTEXT,SASL_SSL:SASL_SSL
	listeners = PLAINTEXT://:9092
	log.cleaner.backoff.ms = 15000
	log.cleaner.dedupe.buffer.size = 134217728
	log.cleaner.delete.retention.ms = 86400000
	log.cleaner.enable = true
	log.cleaner.io.buffer.load.factor = 0.9
	log.cleaner.io.buffer.size = 524288
	log.cleaner.io.max.bytes.per.second = 1.7976931348623157E308
	log.cleaner.max.compaction.lag.ms = 9223372036854775807
	log.cleaner.min.cleanable.ratio = 0.5
	log.cleaner.min.compaction.lag.ms = 0
	log.cleaner.threads = 1
	log.cleanup.policy = [delete]
	log.dir = /tmp/kafka-logs
	log.dirs = /tmp/kafka-logs
	log.flush.interval.messages = 9223372036854775807
	log.flush.interval.ms = null
	log.flush.offset.checkpoint.interval.ms = 60000
	log.flush.scheduler.interval.ms = 9223372036854775807
	log.flush.start.offset.checkpoint.interval.ms = 60000
	log.index.interval.bytes = 4096
	log.index.size.max.bytes = 10485760
	log.message.downconversion.enable = true
	log.message.format.version = 3.0-IV1
	log.message.timestamp.difference.max.ms = 9223372036854775807
	log.message.timestamp.type = CreateTime
	log.preallocate = false
	log.retention.bytes = -1
	log.retention.check.interval.ms = 300000
	log.retention.hours = 168
	log.retention.minutes = null
	log.retention.ms = null
	log.roll.hours = 168
	log.roll.jitter.hours = 0
	log.roll.jitter.ms = null
	log.roll.ms = null
	log.segment.bytes = 1073741824
	log.segment.delete.delay.ms = 60000
	max.connection.creation.rate = 2147483647
	max.connections = 2147483647
	max.connections.per.ip = 2147483647
	max.connections.per.ip.overrides = 
	max.incremental.fetch.session.cache.slots = 1000
	message.max.bytes = 1048588
	metadata.log.dir = null
	metadata.log.max.record.bytes.between.snapshots = 20971520
	metadata.log.segment.bytes = 1073741824
	metadata.log.segment.min.bytes = 8388608
	metadata.log.segment.ms = 604800000
	metadata.max.retention.bytes = -1
	metadata.max.retention.ms = 604800000
	metric.reporters = []
	metrics.num.samples = 2
	metrics.recording.level = INFO
	metrics.sample.window.ms = 30000
	min.insync.replicas = 1
	node.id = 0
	num.io.threads = 8
	num.network.threads = 3
	num.partitions = 1
	num.recovery.threads.per.data.dir = 1
	num.replica.alter.log.dirs.threads = null
	num.replica.fetchers = 1
	offset.metadata.max.bytes = 4096
	offsets.commit.required.acks = -1
	offsets.commit.timeout.ms = 5000
	offsets.load.buffer.size = 5242880
	offsets.retention.check.interval.ms = 600000
	offsets.retention.minutes = 10080
	offsets.topic.compression.codec = 0
	offsets.topic.num.partitions = 50
	offsets.topic.replication.factor = 1
	offsets.topic.segment.bytes = 104857600
	password.encoder.cipher.algorithm = AES/CBC/PKCS5Padding
	password.encoder.iterations = 4096
	password.encoder.key.length = 128
	password.encoder.keyfactory.algorithm = null
	password.encoder.old.secret = null
	password.encoder.secret = null
	principal.builder.class = class org.apache.kafka.common.security.authenticator.DefaultKafkaPrincipalBuilder
	process.roles = []
	producer.purgatory.purge.interval.requests = 1000
	queued.max.request.bytes = -1
	queued.max.requests = 500
	quota.window.num = 11
	quota.window.size.seconds = 1
	remote.log.index.file.cache.total.size.bytes = 1073741824
	remote.log.manager.task.interval.ms = 30000
	remote.log.manager.task.retry.backoff.max.ms = 30000
	remote.log.manager.task.retry.backoff.ms = 500
	remote.log.manager.task.retry.jitter = 0.2
	remote.log.manager.thread.pool.size = 10
	remote.log.metadata.manager.class.name = null
	remote.log.metadata.manager.class.path = null
	remote.log.metadata.manager.impl.prefix = null
	remote.log.metadata.manager.listener.name = null
	remote.log.reader.max.pending.tasks = 100
	remote.log.reader.threads = 10
	remote.log.storage.manager.class.name = null
	remote.log.storage.manager.class.path = null
	remote.log.storage.manager.impl.prefix = null
	remote.log.storage.system.enable = false
	replica.fetch.backoff.ms = 1000
	replica.fetch.max.bytes = 1048576
	replica.fetch.min.bytes = 1
	replica.fetch.response.max.bytes = 10485760
	replica.fetch.wait.max.ms = 500
	replica.high.watermark.checkpoint.interval.ms = 5000
	replica.lag.time.max.ms = 30000
	replica.selector.class = null
	replica.socket.receive.buffer.bytes = 65536
	replica.socket.timeout.ms = 30000
	replication.quota.window.num = 11
	replication.quota.window.size.seconds = 1
	request.timeout.ms = 30000
	reserved.broker.max.id = 1000
	sasl.client.callback.handler.class = null
	sasl.enabled.mechanisms = [GSSAPI]
	sasl.jaas.config = null
	sasl.kerberos.kinit.cmd = /usr/bin/kinit
	sasl.kerberos.min.time.before.relogin = 60000
	sasl.kerberos.principal.to.local.rules = [DEFAULT]
	sasl.kerberos.service.name = null
	sasl.kerberos.ticket.renew.jitter = 0.05
	sasl.kerberos.ticket.renew.window.factor = 0.8
	sasl.login.callback.handler.class = null
	sasl.login.class = null
	sasl.login.connect.timeout.ms = null
	sasl.login.read.timeout.ms = null
	sasl.login.refresh.buffer.seconds = 300
	sasl.login.refresh.min.period.seconds = 60
	sasl.login.refresh.window.factor = 0.8
	sasl.login.refresh.window.jitter = 0.05
	sasl.login.retry.backoff.max.ms = 10000
	sasl.login.retry.backoff.ms = 100
	sasl.mechanism.controller.protocol = GSSAPI
	sasl.mechanism.inter.broker.protocol = GSSAPI
	sasl.oauthbearer.clock.skew.seconds = 30
	sasl.oauthbearer.expected.audience = null
	sasl.oauthbearer.expected.issuer = null
	sasl.oauthbearer.jwks.endpoint.refresh.ms = 3600000
	sasl.oauthbearer.jwks.endpoint.retry.backoff.max.ms = 10000
	sasl.oauthbearer.jwks.endpoint.retry.backoff.ms = 100
	sasl.oauthbearer.jwks.endpoint.url = null
	sasl.oauthbearer.scope.claim.name = scope
	sasl.oauthbearer.sub.claim.name = sub
	sasl.oauthbearer.token.endpoint.url = null
	sasl.server.callback.handler.class = null
	security.inter.broker.protocol = PLAINTEXT
	security.providers = null
	socket.connection.setup.timeout.max.ms = 30000
	socket.connection.setup.timeout.ms = 10000
	socket.receive.buffer.bytes = 102400
	socket.request.max.bytes = 104857600
	socket.send.buffer.bytes = 102400
	ssl.cipher.suites = []
	ssl.client.auth = none
	ssl.enabled.protocols = [TLSv1.2]
	ssl.endpoint.identification.algorithm = https
	ssl.engine.factory.class = null
	ssl.key.password = null
	ssl.keymanager.algorithm = SunX509
	ssl.keystore.certificate.chain = null
	ssl.keystore.key = null
	ssl.keystore.location = null
	ssl.keystore.password = null
	ssl.keystore.type = JKS
	ssl.principal.mapping.rules = DEFAULT
	ssl.protocol = TLSv1.2
	ssl.provider = null
	ssl.secure.random.implementation = null
	ssl.trustmanager.algorithm = PKIX
	ssl.truststore.certificates = null
	ssl.truststore.location = null
	ssl.truststore.password = null
	ssl.truststore.type = JKS
	transaction.abort.timed.out.transaction.cleanup.interval.ms = 10000
	transaction.max.timeout.ms = 900000
	transaction.remove.expired.transaction.cleanup.interval.ms = 3600000
	transaction.state.log.load.buffer.size = 5242880
	transaction.state.log.min.isr = 1
	transaction.state.log.num.partitions = 50
	transaction.state.log.replication.factor = 1
	transaction.state.log.segment.bytes = 104857600
	transactional.id.expiration.ms = 604800000
	unclean.leader.election.enable = false
	zookeeper.clientCnxnSocket = null
	zookeeper.connect = localhost:2181
	zookeeper.connection.timeout.ms = 18000
	zookeeper.max.in.flight.requests = 10
	zookeeper.session.timeout.ms = 18000
	zookeeper.set.acl = false
	zookeeper.ssl.cipher.suites = null
	zookeeper.ssl.client.enable = false
	zookeeper.ssl.crl.enable = false
	zookeeper.ssl.enabled.protocols = null
	zookeeper.ssl.endpoint.identification.algorithm = HTTPS
	zookeeper.ssl.keystore.location = null
	zookeeper.ssl.keystore.password = null
	zookeeper.ssl.keystore.type = null
	zookeeper.ssl.ocsp.enable = false
	zookeeper.ssl.protocol = TLSv1.2
	zookeeper.ssl.truststore.location = null
	zookeeper.ssl.truststore.password = null
	zookeeper.ssl.truststore.type = null
	zookeeper.sync.time.ms = 2000
 (kafka.server.KafkaConfig)
[2022-01-30 21:01:51,842] INFO KafkaConfig values: 
	advertised.listeners = null
	alter.config.policy.class.name = null
	alter.log.dirs.replication.quota.window.num = 11
	alter.log.dirs.replication.quota.window.size.seconds = 1
	authorizer.class.name = 
	auto.create.topics.enable = true
	auto.leader.rebalance.enable = true
	background.threads = 10
	broker.heartbeat.interval.ms = 2000
	broker.id = 0
	broker.id.generation.enable = true
	broker.rack = null
	broker.session.timeout.ms = 9000
	client.quota.callback.class = null
	compression.type = producer
	connection.failed.authentication.delay.ms = 100
	connections.max.idle.ms = 600000
	connections.max.reauth.ms = 0
	control.plane.listener.name = null
	controlled.shutdown.enable = true
	controlled.shutdown.max.retries = 3
	controlled.shutdown.retry.backoff.ms = 5000
	controller.listener.names = null
	controller.quorum.append.linger.ms = 25
	controller.quorum.election.backoff.max.ms = 1000
	controller.quorum.election.timeout.ms = 1000
	controller.quorum.fetch.timeout.ms = 2000
	controller.quorum.request.timeout.ms = 2000
	controller.quorum.retry.backoff.ms = 20
	controller.quorum.voters = []
	controller.quota.window.num = 11
	controller.quota.window.size.seconds = 1
	controller.socket.timeout.ms = 30000
	create.topic.policy.class.name = null
	default.replication.factor = 1
	delegation.token.expiry.check.interval.ms = 3600000
	delegation.token.expiry.time.ms = 86400000
	delegation.token.master.key = null
	delegation.token.max.lifetime.ms = 604800000
	delegation.token.secret.key = null
	delete.records.purgatory.purge.interval.requests = 1
	delete.topic.enable = true
	fetch.max.bytes = 57671680
	fetch.purgatory.purge.interval.requests = 1000
	group.initial.rebalance.delay.ms = 0
	group.max.session.timeout.ms = 1800000
	group.max.size = 2147483647
	group.min.session.timeout.ms = 6000
	initial.broker.registration.timeout.ms = 60000
	inter.broker.listener.name = null
	inter.broker.protocol.version = 3.1-IV0
	kafka.metrics.polling.interval.secs = 10
	kafka.metrics.reporters = []
	leader.imbalance.check.interval.seconds = 300
	leader.imbalance.per.broker.percentage = 10
	listener.security.protocol.map = PLAINTEXT:PLAINTEXT,SSL:SSL,SASL_PLAINTEXT:SASL_PLAINTEXT,SASL_SSL:SASL_SSL
	listeners = PLAINTEXT://:9092
	log.cleaner.backoff.ms = 15000
	log.cleaner.dedupe.buffer.size = 134217728
	log.cleaner.delete.retention.ms = 86400000
	log.cleaner.enable = true
	log.cleaner.io.buffer.load.factor = 0.9
	log.cleaner.io.buffer.size = 524288
	log.cleaner.io.max.bytes.per.second = 1.7976931348623157E308
	log.cleaner.max.compaction.lag.ms = 9223372036854775807
	log.cleaner.min.cleanable.ratio = 0.5
	log.cleaner.min.compaction.lag.ms = 0
	log.cleaner.threads = 1
	log.cleanup.policy = [delete]
	log.dir = /tmp/kafka-logs
	log.dirs = /tmp/kafka-logs
	log.flush.interval.messages = 9223372036854775807
	log.flush.interval.ms = null
	log.flush.offset.checkpoint.interval.ms = 60000
	log.flush.scheduler.interval.ms = 9223372036854775807
	log.flush.start.offset.checkpoint.interval.ms = 60000
	log.index.interval.bytes = 4096
	log.index.size.max.bytes = 10485760
	log.message.downconversion.enable = true
	log.message.format.version = 3.0-IV1
	log.message.timestamp.difference.max.ms = 9223372036854775807
	log.message.timestamp.type = CreateTime
	log.preallocate = false
	log.retention.bytes = -1
	log.retention.check.interval.ms = 300000
	log.retention.hours = 168
	log.retention.minutes = null
	log.retention.ms = null
	log.roll.hours = 168
	log.roll.jitter.hours = 0
	log.roll.jitter.ms = null
	log.roll.ms = null
	log.segment.bytes = 1073741824
	log.segment.delete.delay.ms = 60000
	max.connection.creation.rate = 2147483647
	max.connections = 2147483647
	max.connections.per.ip = 2147483647
	max.connections.per.ip.overrides = 
	max.incremental.fetch.session.cache.slots = 1000
	message.max.bytes = 1048588
	metadata.log.dir = null
	metadata.log.max.record.bytes.between.snapshots = 20971520
	metadata.log.segment.bytes = 1073741824
	metadata.log.segment.min.bytes = 8388608
	metadata.log.segment.ms = 604800000
	metadata.max.retention.bytes = -1
	metadata.max.retention.ms = 604800000
	metric.reporters = []
	metrics.num.samples = 2
	metrics.recording.level = INFO
	metrics.sample.window.ms = 30000
	min.insync.replicas = 1
	node.id = 0
	num.io.threads = 8
	num.network.threads = 3
	num.partitions = 1
	num.recovery.threads.per.data.dir = 1
	num.replica.alter.log.dirs.threads = null
	num.replica.fetchers = 1
	offset.metadata.max.bytes = 4096
	offsets.commit.required.acks = -1
	offsets.commit.timeout.ms = 5000
	offsets.load.buffer.size = 5242880
	offsets.retention.check.interval.ms = 600000
	offsets.retention.minutes = 10080
	offsets.topic.compression.codec = 0
	offsets.topic.num.partitions = 50
	offsets.topic.replication.factor = 1
	offsets.topic.segment.bytes = 104857600
	password.encoder.cipher.algorithm = AES/CBC/PKCS5Padding
	password.encoder.iterations = 4096
	password.encoder.key.length = 128
	password.encoder.keyfactory.algorithm = null
	password.encoder.old.secret = null
	password.encoder.secret = null
	principal.builder.class = class org.apache.kafka.common.security.authenticator.DefaultKafkaPrincipalBuilder
	process.roles = []
	producer.purgatory.purge.interval.requests = 1000
	queued.max.request.bytes = -1
	queued.max.requests = 500
	quota.window.num = 11
	quota.window.size.seconds = 1
	remote.log.index.file.cache.total.size.bytes = 1073741824
	remote.log.manager.task.interval.ms = 30000
	remote.log.manager.task.retry.backoff.max.ms = 30000
	remote.log.manager.task.retry.backoff.ms = 500
	remote.log.manager.task.retry.jitter = 0.2
	remote.log.manager.thread.pool.size = 10
	remote.log.metadata.manager.class.name = null
	remote.log.metadata.manager.class.path = null
	remote.log.metadata.manager.impl.prefix = null
	remote.log.metadata.manager.listener.name = null
	remote.log.reader.max.pending.tasks = 100
	remote.log.reader.threads = 10
	remote.log.storage.manager.class.name = null
	remote.log.storage.manager.class.path = null
	remote.log.storage.manager.impl.prefix = null
	remote.log.storage.system.enable = false
	replica.fetch.backoff.ms = 1000
	replica.fetch.max.bytes = 1048576
	replica.fetch.min.bytes = 1
	replica.fetch.response.max.bytes = 10485760
	replica.fetch.wait.max.ms = 500
	replica.high.watermark.checkpoint.interval.ms = 5000
	replica.lag.time.max.ms = 30000
	replica.selector.class = null
	replica.socket.receive.buffer.bytes = 65536
	replica.socket.timeout.ms = 30000
	replication.quota.window.num = 11
	replication.quota.window.size.seconds = 1
	request.timeout.ms = 30000
	reserved.broker.max.id = 1000
	sasl.client.callback.handler.class = null
	sasl.enabled.mechanisms = [GSSAPI]
	sasl.jaas.config = null
	sasl.kerberos.kinit.cmd = /usr/bin/kinit
	sasl.kerberos.min.time.before.relogin = 60000
	sasl.kerberos.principal.to.local.rules = [DEFAULT]
	sasl.kerberos.service.name = null
	sasl.kerberos.ticket.renew.jitter = 0.05
	sasl.kerberos.ticket.renew.window.factor = 0.8
	sasl.login.callback.handler.class = null
	sasl.login.class = null
	sasl.login.connect.timeout.ms = null
	sasl.login.read.timeout.ms = null
	sasl.login.refresh.buffer.seconds = 300
	sasl.login.refresh.min.period.seconds = 60
	sasl.login.refresh.window.factor = 0.8
	sasl.login.refresh.window.jitter = 0.05
	sasl.login.retry.backoff.max.ms = 10000
	sasl.login.retry.backoff.ms = 100
	sasl.mechanism.controller.protocol = GSSAPI
	sasl.mechanism.inter.broker.protocol = GSSAPI
	sasl.oauthbearer.clock.skew.seconds = 30
	sasl.oauthbearer.expected.audience = null
	sasl.oauthbearer.expected.issuer = null
	sasl.oauthbearer.jwks.endpoint.refresh.ms = 3600000
	sasl.oauthbearer.jwks.endpoint.retry.backoff.max.ms = 10000
	sasl.oauthbearer.jwks.endpoint.retry.backoff.ms = 100
	sasl.oauthbearer.jwks.endpoint.url = null
	sasl.oauthbearer.scope.claim.name = scope
	sasl.oauthbearer.sub.claim.name = sub
	sasl.oauthbearer.token.endpoint.url = null
	sasl.server.callback.handler.class = null
	security.inter.broker.protocol = PLAINTEXT
	security.providers = null
	socket.connection.setup.timeout.max.ms = 30000
	socket.connection.setup.timeout.ms = 10000
	socket.receive.buffer.bytes = 102400
	socket.request.max.bytes = 104857600
	socket.send.buffer.bytes = 102400
	ssl.cipher.suites = []
	ssl.client.auth = none
	ssl.enabled.protocols = [TLSv1.2]
	ssl.endpoint.identification.algorithm = https
	ssl.engine.factory.class = null
	ssl.key.password = null
	ssl.keymanager.algorithm = SunX509
	ssl.keystore.certificate.chain = null
	ssl.keystore.key = null
	ssl.keystore.location = null
	ssl.keystore.password = null
	ssl.keystore.type = JKS
	ssl.principal.mapping.rules = DEFAULT
	ssl.protocol = TLSv1.2
	ssl.provider = null
	ssl.secure.random.implementation = null
	ssl.trustmanager.algorithm = PKIX
	ssl.truststore.certificates = null
	ssl.truststore.location = null
	ssl.truststore.password = null
	ssl.truststore.type = JKS
	transaction.abort.timed.out.transaction.cleanup.interval.ms = 10000
	transaction.max.timeout.ms = 900000
	transaction.remove.expired.transaction.cleanup.interval.ms = 3600000
	transaction.state.log.load.buffer.size = 5242880
	transaction.state.log.min.isr = 1
	transaction.state.log.num.partitions = 50
	transaction.state.log.replication.factor = 1
	transaction.state.log.segment.bytes = 104857600
	transactional.id.expiration.ms = 604800000
	unclean.leader.election.enable = false
	zookeeper.clientCnxnSocket = null
	zookeeper.connect = localhost:2181
	zookeeper.connection.timeout.ms = 18000
	zookeeper.max.in.flight.requests = 10
	zookeeper.session.timeout.ms = 18000
	zookeeper.set.acl = false
	zookeeper.ssl.cipher.suites = null
	zookeeper.ssl.client.enable = false
	zookeeper.ssl.crl.enable = false
	zookeeper.ssl.enabled.protocols = null
	zookeeper.ssl.endpoint.identification.algorithm = HTTPS
	zookeeper.ssl.keystore.location = null
	zookeeper.ssl.keystore.password = null
	zookeeper.ssl.keystore.type = null
	zookeeper.ssl.ocsp.enable = false
	zookeeper.ssl.protocol = TLSv1.2
	zookeeper.ssl.truststore.location = null
	zookeeper.ssl.truststore.password = null
	zookeeper.ssl.truststore.type = null
	zookeeper.sync.time.ms = 2000
 (kafka.server.KafkaConfig)
[2022-01-30 21:01:51,914] INFO [ThrottledChannelReaper-Fetch]: Starting (kafka.server.ClientQuotaManager$ThrottledChannelReaper)
[2022-01-30 21:01:51,916] INFO [ThrottledChannelReaper-Produce]: Starting (kafka.server.ClientQuotaManager$ThrottledChannelReaper)
[2022-01-30 21:01:51,917] INFO [ThrottledChannelReaper-Request]: Starting (kafka.server.ClientQuotaManager$ThrottledChannelReaper)
[2022-01-30 21:01:51,929] INFO [ThrottledChannelReaper-ControllerMutation]: Starting (kafka.server.ClientQuotaManager$ThrottledChannelReaper)
[2022-01-30 21:01:51,986] INFO Log directory /tmp/kafka-logs not found, creating it. (kafka.log.LogManager)
[2022-01-30 21:01:52,017] INFO Loading logs from log dirs ArraySeq(/tmp/kafka-logs) (kafka.log.LogManager)
[2022-01-30 21:01:52,032] INFO Attempting recovery for all logs in /tmp/kafka-logs since no clean shutdown file was found (kafka.log.LogManager)
[2022-01-30 21:01:52,041] INFO Loaded 0 logs in 23ms. (kafka.log.LogManager)
[2022-01-30 21:01:52,043] INFO Starting log cleanup with a period of 300000 ms. (kafka.log.LogManager)
[2022-01-30 21:01:52,050] INFO Starting log flusher with a default period of 9223372036854775807 ms. (kafka.log.LogManager)
[2022-01-30 21:01:52,644] INFO [BrokerToControllerChannelManager broker=0 name=forwarding]: Starting (kafka.server.BrokerToControllerRequestThread)
[2022-01-30 21:01:52,839] INFO Updated connection-accept-rate max connection creation rate to 2147483647 (kafka.network.ConnectionQuotas)
[2022-01-30 21:01:52,844] INFO Awaiting socket connections on 0.0.0.0:9092. (kafka.network.Acceptor)
[2022-01-30 21:01:52,886] INFO [SocketServer listenerType=ZK_BROKER, nodeId=0] Created data-plane acceptor and processors for endpoint : ListenerName(PLAINTEXT) (kafka.network.SocketServer)
[2022-01-30 21:01:52,905] INFO [BrokerToControllerChannelManager broker=0 name=alterIsr]: Starting (kafka.server.BrokerToControllerRequestThread)
[2022-01-30 21:01:52,942] INFO [ExpirationReaper-0-Produce]: Starting (kafka.server.DelayedOperationPurgatory$ExpiredOperationReaper)
[2022-01-30 21:01:52,944] INFO [ExpirationReaper-0-Fetch]: Starting (kafka.server.DelayedOperationPurgatory$ExpiredOperationReaper)
[2022-01-30 21:01:52,947] INFO [ExpirationReaper-0-DeleteRecords]: Starting (kafka.server.DelayedOperationPurgatory$ExpiredOperationReaper)
[2022-01-30 21:01:52,950] INFO [ExpirationReaper-0-ElectLeader]: Starting (kafka.server.DelayedOperationPurgatory$ExpiredOperationReaper)
[2022-01-30 21:01:52,970] INFO [LogDirFailureHandler]: Starting (kafka.server.ReplicaManager$LogDirFailureHandler)
[2022-01-30 21:01:53,027] INFO Creating /brokers/ids/0 (is it secure? false) (kafka.zk.KafkaZkClient)
[2022-01-30 21:01:53,058] INFO Stat of the created znode at /brokers/ids/0 is: 25,25,1643576513043,1643576513043,1,0,0,72057681058201600,208,0,25
 (kafka.zk.KafkaZkClient)
[2022-01-30 21:01:53,061] INFO Registered broker 0 at path /brokers/ids/0 with addresses: PLAINTEXT://e5ab84bbde44:9092, czxid (broker epoch): 25 (kafka.zk.KafkaZkClient)
[2022-01-30 21:01:53,172] INFO [ExpirationReaper-0-topic]: Starting (kafka.server.DelayedOperationPurgatory$ExpiredOperationReaper)
[2022-01-30 21:01:53,187] INFO Successfully created /controller_epoch with initial epoch 0 (kafka.zk.KafkaZkClient)
[2022-01-30 21:01:53,189] INFO [ExpirationReaper-0-Rebalance]: Starting (kafka.server.DelayedOperationPurgatory$ExpiredOperationReaper)
[2022-01-30 21:01:53,188] INFO [ExpirationReaper-0-Heartbeat]: Starting (kafka.server.DelayedOperationPurgatory$ExpiredOperationReaper)
[2022-01-30 21:01:53,220] INFO Feature ZK node created at path: /feature (kafka.server.FinalizedFeatureChangeListener)
[2022-01-30 21:01:53,230] INFO [GroupCoordinator 0]: Starting up. (kafka.coordinator.group.GroupCoordinator)
[2022-01-30 21:01:53,241] INFO [GroupCoordinator 0]: Startup complete. (kafka.coordinator.group.GroupCoordinator)
[2022-01-30 21:01:53,295] INFO [TransactionCoordinator id=0] Starting up. (kafka.coordinator.transaction.TransactionCoordinator)
[2022-01-30 21:01:53,346] INFO Updated cache from existing <empty> to latest FinalizedFeaturesAndEpoch(features=Features{}, epoch=0). (kafka.server.FinalizedFeatureCache)
[2022-01-30 21:01:53,350] INFO [TransactionCoordinator id=0] Startup complete. (kafka.coordinator.transaction.TransactionCoordinator)
[2022-01-30 21:01:53,362] INFO [Transaction Marker Channel Manager 0]: Starting (kafka.coordinator.transaction.TransactionMarkerChannelManager)
[2022-01-30 21:01:53,429] INFO [ExpirationReaper-0-AlterAcls]: Starting (kafka.server.DelayedOperationPurgatory$ExpiredOperationReaper)
[2022-01-30 21:01:53,466] INFO [/config/changes-event-process-thread]: Starting (kafka.common.ZkNodeChangeNotificationListener$ChangeEventProcessThread)
[2022-01-30 21:01:53,492] INFO [SocketServer listenerType=ZK_BROKER, nodeId=0] Starting socket server acceptors and processors (kafka.network.SocketServer)
[2022-01-30 21:01:53,507] INFO [SocketServer listenerType=ZK_BROKER, nodeId=0] Started data-plane acceptor and processor(s) for endpoint : ListenerName(PLAINTEXT) (kafka.network.SocketServer)
[2022-01-30 21:01:53,509] INFO [SocketServer listenerType=ZK_BROKER, nodeId=0] Started socket server acceptors and processors (kafka.network.SocketServer)
[2022-01-30 21:01:53,522] INFO Kafka version: 3.1.0 (org.apache.kafka.common.utils.AppInfoParser)
[2022-01-30 21:01:53,525] INFO Kafka commitId: 37edeed0777bacb3 (org.apache.kafka.common.utils.AppInfoParser)
[2022-01-30 21:01:53,528] INFO Kafka startTimeMs: 1643576513511 (org.apache.kafka.common.utils.AppInfoParser)
[2022-01-30 21:01:53,535] INFO [KafkaServer id=0] started (kafka.server.KafkaServer)
[2022-01-30 21:01:53,645] INFO [BrokerToControllerChannelManager broker=0 name=alterIsr]: Recorded new controller, from now on will use broker e5ab84bbde44:9092 (id: 0 rack: null) (kafka.server.BrokerToControllerRequestThread)
[2022-01-30 21:01:53,685] INFO [BrokerToControllerChannelManager broker=0 name=forwarding]: Recorded new controller, from now on will use broker e5ab84bbde44:9092 (id: 0 rack: null) (kafka.server.BrokerToControllerRequestThread)
[2022-01-30 21:02:27,294] INFO Creating topic quickstart-events with configuration {} and initial partition assignment HashMap(0 -> ArrayBuffer(0)) (kafka.zk.AdminZkClient)
[2022-01-30 21:02:27,384] INFO [ReplicaFetcherManager on broker 0] Removed fetcher for partitions Set(quickstart-events-0) (kafka.server.ReplicaFetcherManager)
[2022-01-30 21:02:27,456] INFO [LogLoader partition=quickstart-events-0, dir=/tmp/kafka-logs] Loading producer state till offset 0 with message format version 2 (kafka.log.UnifiedLog$)
[2022-01-30 21:02:27,474] INFO Created log for partition quickstart-events-0 in /tmp/kafka-logs/quickstart-events-0 with properties {} (kafka.log.LogManager)
[2022-01-30 21:02:27,478] INFO [Partition quickstart-events-0 broker=0] No checkpointed highwatermark is found for partition quickstart-events-0 (kafka.cluster.Partition)
[2022-01-30 21:02:27,479] INFO [Partition quickstart-events-0 broker=0] Log loaded for partition quickstart-events-0 with initial high watermark 0 (kafka.cluster.Partition)
[2022-01-30 21:04:39,773] INFO Terminating process due to signal SIGHUP (org.apache.kafka.common.utils.LoggingSignalHandler)
[2022-01-30 21:04:39,778] INFO [KafkaServer id=0] shutting down (kafka.server.KafkaServer)
[2022-01-30 21:04:39,781] INFO [KafkaServer id=0] Starting controlled shutdown (kafka.server.KafkaServer)
[2022-01-30 21:04:39,816] INFO [KafkaServer id=0] Controlled shutdown request returned successfully after 16ms (kafka.server.KafkaServer)
[2022-01-30 21:04:39,823] INFO [/config/changes-event-process-thread]: Shutting down (kafka.common.ZkNodeChangeNotificationListener$ChangeEventProcessThread)
[2022-01-30 21:04:39,825] INFO [/config/changes-event-process-thread]: Stopped (kafka.common.ZkNodeChangeNotificationListener$ChangeEventProcessThread)
[2022-01-30 21:04:39,825] INFO [/config/changes-event-process-thread]: Shutdown completed (kafka.common.ZkNodeChangeNotificationListener$ChangeEventProcessThread)
[2022-01-30 21:04:39,827] INFO [SocketServer listenerType=ZK_BROKER, nodeId=0] Stopping socket server request processors (kafka.network.SocketServer)
[2022-01-30 21:04:39,835] INFO [SocketServer listenerType=ZK_BROKER, nodeId=0] Stopped socket server request processors (kafka.network.SocketServer)
[2022-01-30 21:04:39,837] INFO [data-plane Kafka Request Handler on Broker 0], shutting down (kafka.server.KafkaRequestHandlerPool)
[2022-01-30 21:04:39,841] INFO [data-plane Kafka Request Handler on Broker 0], shut down completely (kafka.server.KafkaRequestHandlerPool)
[2022-01-30 21:04:39,848] INFO [ExpirationReaper-0-AlterAcls]: Shutting down (kafka.server.DelayedOperationPurgatory$ExpiredOperationReaper)
[2022-01-30 21:04:40,043] INFO [ExpirationReaper-0-AlterAcls]: Stopped (kafka.server.DelayedOperationPurgatory$ExpiredOperationReaper)
[2022-01-30 21:04:40,043] INFO [ExpirationReaper-0-AlterAcls]: Shutdown completed (kafka.server.DelayedOperationPurgatory$ExpiredOperationReaper)
[2022-01-30 21:04:40,047] INFO [KafkaApi-0] Shutdown complete. (kafka.server.KafkaApis)
[2022-01-30 21:04:40,049] INFO [ExpirationReaper-0-topic]: Shutting down (kafka.server.DelayedOperationPurgatory$ExpiredOperationReaper)
[2022-01-30 21:04:40,114] WARN Session 0x100001442d00000 for sever localhost/127.0.0.1:2181, Closing socket connection. Attempting reconnect except it is a SessionExpiredException. (org.apache.zookeeper.ClientCnxn)
EndOfStreamException: Unable to read additional data from server sessionid 0x100001442d00000, likely server has closed socket
	at org.apache.zookeeper.ClientCnxnSocketNIO.doIO(ClientCnxnSocketNIO.java:77)
	at org.apache.zookeeper.ClientCnxnSocketNIO.doTransport(ClientCnxnSocketNIO.java:350)
	at org.apache.zookeeper.ClientCnxn$SendThread.run(ClientCnxn.java:1290)
[2022-01-30 21:04:40,184] INFO [ExpirationReaper-0-topic]: Stopped (kafka.server.DelayedOperationPurgatory$ExpiredOperationReaper)
[2022-01-30 21:04:40,184] INFO [ExpirationReaper-0-topic]: Shutdown completed (kafka.server.DelayedOperationPurgatory$ExpiredOperationReaper)
[2022-01-30 21:04:40,190] INFO [TransactionCoordinator id=0] Shutting down. (kafka.coordinator.transaction.TransactionCoordinator)
[2022-01-30 21:04:40,192] INFO [Transaction State Manager 0]: Shutdown complete (kafka.coordinator.transaction.TransactionStateManager)
[2022-01-30 21:04:40,193] INFO [Transaction Marker Channel Manager 0]: Shutting down (kafka.coordinator.transaction.TransactionMarkerChannelManager)
[2022-01-30 21:04:40,194] INFO [Transaction Marker Channel Manager 0]: Stopped (kafka.coordinator.transaction.TransactionMarkerChannelManager)
[2022-01-30 21:04:40,194] INFO [Transaction Marker Channel Manager 0]: Shutdown completed (kafka.coordinator.transaction.TransactionMarkerChannelManager)
[2022-01-30 21:04:40,196] INFO [TransactionCoordinator id=0] Shutdown complete. (kafka.coordinator.transaction.TransactionCoordinator)
[2022-01-30 21:04:40,197] INFO [GroupCoordinator 0]: Shutting down. (kafka.coordinator.group.GroupCoordinator)
[2022-01-30 21:04:40,199] INFO [ExpirationReaper-0-Heartbeat]: Shutting down (kafka.server.DelayedOperationPurgatory$ExpiredOperationReaper)
[2022-01-30 21:04:40,385] INFO [ExpirationReaper-0-Heartbeat]: Stopped (kafka.server.DelayedOperationPurgatory$ExpiredOperationReaper)
[2022-01-30 21:04:40,385] INFO [ExpirationReaper-0-Heartbeat]: Shutdown completed (kafka.server.DelayedOperationPurgatory$ExpiredOperationReaper)
[2022-01-30 21:04:40,389] INFO [ExpirationReaper-0-Rebalance]: Shutting down (kafka.server.DelayedOperationPurgatory$ExpiredOperationReaper)
[2022-01-30 21:04:40,586] INFO [ExpirationReaper-0-Rebalance]: Stopped (kafka.server.DelayedOperationPurgatory$ExpiredOperationReaper)
[2022-01-30 21:04:40,586] INFO [ExpirationReaper-0-Rebalance]: Shutdown completed (kafka.server.DelayedOperationPurgatory$ExpiredOperationReaper)
[2022-01-30 21:04:40,590] INFO [GroupCoordinator 0]: Shutdown complete. (kafka.coordinator.group.GroupCoordinator)
[2022-01-30 21:04:40,593] INFO [ReplicaManager broker=0] Shutting down (kafka.server.ReplicaManager)
[2022-01-30 21:04:40,594] INFO [LogDirFailureHandler]: Shutting down (kafka.server.ReplicaManager$LogDirFailureHandler)
[2022-01-30 21:04:40,595] INFO [LogDirFailureHandler]: Stopped (kafka.server.ReplicaManager$LogDirFailureHandler)
[2022-01-30 21:04:40,595] INFO [LogDirFailureHandler]: Shutdown completed (kafka.server.ReplicaManager$LogDirFailureHandler)
[2022-01-30 21:04:40,597] INFO [ReplicaFetcherManager on broker 0] shutting down (kafka.server.ReplicaFetcherManager)
[2022-01-30 21:04:40,599] INFO [ReplicaFetcherManager on broker 0] shutdown completed (kafka.server.ReplicaFetcherManager)
[2022-01-30 21:04:40,601] INFO [ReplicaAlterLogDirsManager on broker 0] shutting down (kafka.server.ReplicaAlterLogDirsManager)
[2022-01-30 21:04:40,602] INFO [ReplicaAlterLogDirsManager on broker 0] shutdown completed (kafka.server.ReplicaAlterLogDirsManager)
[2022-01-30 21:04:40,602] INFO [ExpirationReaper-0-Fetch]: Shutting down (kafka.server.DelayedOperationPurgatory$ExpiredOperationReaper)
[2022-01-30 21:04:40,645] INFO [ExpirationReaper-0-Fetch]: Stopped (kafka.server.DelayedOperationPurgatory$ExpiredOperationReaper)
[2022-01-30 21:04:40,645] INFO [ExpirationReaper-0-Fetch]: Shutdown completed (kafka.server.DelayedOperationPurgatory$ExpiredOperationReaper)
[2022-01-30 21:04:40,649] INFO [ExpirationReaper-0-Produce]: Shutting down (kafka.server.DelayedOperationPurgatory$ExpiredOperationReaper)
[2022-01-30 21:04:40,845] INFO [ExpirationReaper-0-Produce]: Stopped (kafka.server.DelayedOperationPurgatory$ExpiredOperationReaper)
[2022-01-30 21:04:40,845] INFO [ExpirationReaper-0-Produce]: Shutdown completed (kafka.server.DelayedOperationPurgatory$ExpiredOperationReaper)
[2022-01-30 21:04:40,849] INFO [ExpirationReaper-0-DeleteRecords]: Shutting down (kafka.server.DelayedOperationPurgatory$ExpiredOperationReaper)
[2022-01-30 21:04:41,046] INFO [ExpirationReaper-0-DeleteRecords]: Stopped (kafka.server.DelayedOperationPurgatory$ExpiredOperationReaper)
[2022-01-30 21:04:41,046] INFO [ExpirationReaper-0-DeleteRecords]: Shutdown completed (kafka.server.DelayedOperationPurgatory$ExpiredOperationReaper)
[2022-01-30 21:04:41,048] INFO [ExpirationReaper-0-ElectLeader]: Shutting down (kafka.server.DelayedOperationPurgatory$ExpiredOperationReaper)
[2022-01-30 21:04:41,246] INFO [ExpirationReaper-0-ElectLeader]: Stopped (kafka.server.DelayedOperationPurgatory$ExpiredOperationReaper)
[2022-01-30 21:04:41,246] INFO [ExpirationReaper-0-ElectLeader]: Shutdown completed (kafka.server.DelayedOperationPurgatory$ExpiredOperationReaper)
[2022-01-30 21:04:41,252] INFO [ReplicaManager broker=0] Shut down completely (kafka.server.ReplicaManager)
[2022-01-30 21:04:41,253] INFO [BrokerToControllerChannelManager broker=0 name=alterIsr]: Shutting down (kafka.server.BrokerToControllerRequestThread)
[2022-01-30 21:04:41,254] INFO [BrokerToControllerChannelManager broker=0 name=alterIsr]: Stopped (kafka.server.BrokerToControllerRequestThread)
[2022-01-30 21:04:41,254] INFO [BrokerToControllerChannelManager broker=0 name=alterIsr]: Shutdown completed (kafka.server.BrokerToControllerRequestThread)
[2022-01-30 21:04:41,257] INFO Broker to controller channel manager for alterIsr shutdown (kafka.server.BrokerToControllerChannelManagerImpl)
[2022-01-30 21:04:41,259] INFO [BrokerToControllerChannelManager broker=0 name=forwarding]: Shutting down (kafka.server.BrokerToControllerRequestThread)
[2022-01-30 21:04:41,260] INFO [BrokerToControllerChannelManager broker=0 name=forwarding]: Stopped (kafka.server.BrokerToControllerRequestThread)
[2022-01-30 21:04:41,260] INFO [BrokerToControllerChannelManager broker=0 name=forwarding]: Shutdown completed (kafka.server.BrokerToControllerRequestThread)
[2022-01-30 21:04:41,261] INFO Broker to controller channel manager for forwarding shutdown (kafka.server.BrokerToControllerChannelManagerImpl)
[2022-01-30 21:04:41,263] INFO Shutting down. (kafka.log.LogManager)
[2022-01-30 21:04:41,309] INFO Shutdown complete. (kafka.log.LogManager)
[2022-01-30 21:04:41,323] INFO [feature-zk-node-event-process-thread]: Shutting down (kafka.server.FinalizedFeatureChangeListener$ChangeNotificationProcessorThread)
[2022-01-30 21:04:41,323] INFO [feature-zk-node-event-process-thread]: Stopped (kafka.server.FinalizedFeatureChangeListener$ChangeNotificationProcessorThread)
[2022-01-30 21:04:41,323] INFO [feature-zk-node-event-process-thread]: Shutdown completed (kafka.server.FinalizedFeatureChangeListener$ChangeNotificationProcessorThread)
[2022-01-30 21:04:41,325] INFO [ZooKeeperClient Kafka server] Closing. (kafka.zookeeper.ZooKeeperClient)
[2022-01-30 21:04:42,112] INFO Opening socket connection to server localhost/127.0.0.1:2181. (org.apache.zookeeper.ClientCnxn)
[2022-01-30 21:04:42,114] INFO SASL config status: Will not attempt to authenticate using SASL (unknown error) (org.apache.zookeeper.ClientCnxn)
[2022-01-30 21:04:42,117] WARN An exception was thrown while closing send thread for session 0x100001442d00000. (org.apache.zookeeper.ClientCnxn)
java.net.ConnectException: Connection refused
	at sun.nio.ch.SocketChannelImpl.checkConnect(Native Method)
	at sun.nio.ch.SocketChannelImpl.finishConnect(SocketChannelImpl.java:716)
	at org.apache.zookeeper.ClientCnxnSocketNIO.doTransport(ClientCnxnSocketNIO.java:344)
	at org.apache.zookeeper.ClientCnxn$SendThread.run(ClientCnxn.java:1290)
[2022-01-30 21:04:42,222] INFO Session: 0x100001442d00000 closed (org.apache.zookeeper.ZooKeeper)
[2022-01-30 21:04:42,222] INFO EventThread shut down for session: 0x100001442d00000 (org.apache.zookeeper.ClientCnxn)
[2022-01-30 21:04:42,224] INFO [ZooKeeperClient Kafka server] Closed. (kafka.zookeeper.ZooKeeperClient)
[2022-01-30 21:04:42,227] INFO [ThrottledChannelReaper-Fetch]: Shutting down (kafka.server.ClientQuotaManager$ThrottledChannelReaper)
[2022-01-30 21:04:42,948] INFO [ThrottledChannelReaper-Fetch]: Stopped (kafka.server.ClientQuotaManager$ThrottledChannelReaper)
[2022-01-30 21:04:42,948] INFO [ThrottledChannelReaper-Fetch]: Shutdown completed (kafka.server.ClientQuotaManager$ThrottledChannelReaper)
[2022-01-30 21:04:42,952] INFO [ThrottledChannelReaper-Produce]: Shutting down (kafka.server.ClientQuotaManager$ThrottledChannelReaper)
[2022-01-30 21:04:43,949] INFO [ThrottledChannelReaper-Produce]: Shutdown completed (kafka.server.ClientQuotaManager$ThrottledChannelReaper)
[2022-01-30 21:04:43,949] INFO [ThrottledChannelReaper-Produce]: Stopped (kafka.server.ClientQuotaManager$ThrottledChannelReaper)
[2022-01-30 21:04:43,951] INFO [ThrottledChannelReaper-Request]: Shutting down (kafka.server.ClientQuotaManager$ThrottledChannelReaper)
[2022-01-30 21:04:44,951] INFO [ThrottledChannelReaper-Request]: Stopped (kafka.server.ClientQuotaManager$ThrottledChannelReaper)
[2022-01-30 21:04:44,951] INFO [ThrottledChannelReaper-Request]: Shutdown completed (kafka.server.ClientQuotaManager$ThrottledChannelReaper)
[2022-01-30 21:04:44,955] INFO [ThrottledChannelReaper-ControllerMutation]: Shutting down (kafka.server.ClientQuotaManager$ThrottledChannelReaper)
[2022-01-30 21:04:44,964] INFO [ThrottledChannelReaper-ControllerMutation]: Stopped (kafka.server.ClientQuotaManager$ThrottledChannelReaper)
[2022-01-30 21:04:44,964] INFO [ThrottledChannelReaper-ControllerMutation]: Shutdown completed (kafka.server.ClientQuotaManager$ThrottledChannelReaper)
[2022-01-30 21:04:44,967] INFO [SocketServer listenerType=ZK_BROKER, nodeId=0] Shutting down socket server (kafka.network.SocketServer)
[2022-01-30 21:04:44,989] INFO [SocketServer listenerType=ZK_BROKER, nodeId=0] Shutdown completed (kafka.network.SocketServer)
[2022-01-30 21:04:44,991] INFO Metrics scheduler closed (org.apache.kafka.common.metrics.Metrics)
[2022-01-30 21:04:44,992] INFO Closing reporter org.apache.kafka.common.metrics.JmxReporter (org.apache.kafka.common.metrics.Metrics)
[2022-01-30 21:04:44,993] INFO Metrics reporters closed (org.apache.kafka.common.metrics.Metrics)
[2022-01-30 21:04:44,995] INFO Broker and topic stats closed (kafka.server.BrokerTopicStats)
[2022-01-30 21:04:44,997] INFO App info kafka.server for 0 unregistered (org.apache.kafka.common.utils.AppInfoParser)
[2022-01-30 21:04:44,998] INFO [KafkaServer id=0] shut down completed (kafka.server.KafkaServer)
