[2022-01-31 06:20:46,967] INFO [Controller id=0 epoch=2] Changed partition order-topic-0 state from NonExistentPartition to NewPartition with assigned replicas 0 (state.change.logger)
[2022-01-31 06:20:46,974] INFO [Controller id=0 epoch=2] Sending UpdateMetadata request to brokers HashSet() for 0 partitions (state.change.logger)
[2022-01-31 06:20:46,978] INFO [Controller id=0 epoch=2] Sending UpdateMetadata request to brokers HashSet() for 0 partitions (state.change.logger)
[2022-01-31 06:20:47,004] INFO [Controller id=0 epoch=2] Changed partition order-topic-0 from NewPartition to OnlinePartition with state LeaderAndIsr(leader=0, leaderEpoch=0, isr=List(0), zkVersion=0) (state.change.logger)
[2022-01-31 06:20:47,005] INFO [Controller id=0 epoch=2] Sending LeaderAndIsr request to broker 0 with 1 become-leader and 0 become-follower partitions (state.change.logger)
[2022-01-31 06:20:47,007] INFO [Controller id=0 epoch=2] Sending UpdateMetadata request to brokers HashSet(0) for 1 partitions (state.change.logger)
[2022-01-31 06:20:47,009] INFO [Controller id=0 epoch=2] Sending UpdateMetadata request to brokers HashSet() for 0 partitions (state.change.logger)
[2022-01-31 06:20:47,026] INFO [Broker id=0] Handling LeaderAndIsr request correlationId 3 from controller 0 for 1 partitions (state.change.logger)
[2022-01-31 06:20:47,031] INFO [Broker id=0] Stopped fetchers as part of LeaderAndIsr request correlationId 3 from controller 0 epoch 2 as part of the become-leader transition for 1 partitions (state.change.logger)
[2022-01-31 06:20:47,059] INFO [Broker id=0] Leader order-topic-0 starts at leader epoch 0 from offset 0 with high watermark 0 ISR [0] addingReplicas [] removingReplicas []. Previous leader epoch was -1. (state.change.logger)
[2022-01-31 06:20:47,066] INFO [Broker id=0] Finished LeaderAndIsr request in 41ms correlationId 3 from controller 0 for 1 partitions (state.change.logger)
[2022-01-31 06:20:47,070] INFO [Broker id=0] Add 1 partitions and deleted 0 partitions from metadata cache in response to UpdateMetadata request sent by controller 0 epoch 2 with correlation id 4 (state.change.logger)
[2022-01-31 06:31:51,312] INFO [Controller id=0 epoch=2] Changed partition Random-0 state from NonExistentPartition to NewPartition with assigned replicas 0 (state.change.logger)
[2022-01-31 06:31:51,315] INFO [Controller id=0 epoch=2] Sending UpdateMetadata request to brokers HashSet() for 0 partitions (state.change.logger)
[2022-01-31 06:31:51,317] INFO [Controller id=0 epoch=2] Sending UpdateMetadata request to brokers HashSet() for 0 partitions (state.change.logger)
[2022-01-31 06:31:51,330] INFO [Controller id=0 epoch=2] Changed partition Random-0 from NewPartition to OnlinePartition with state LeaderAndIsr(leader=0, leaderEpoch=0, isr=List(0), zkVersion=0) (state.change.logger)
[2022-01-31 06:31:51,331] INFO [Controller id=0 epoch=2] Sending LeaderAndIsr request to broker 0 with 1 become-leader and 0 become-follower partitions (state.change.logger)
[2022-01-31 06:31:51,333] INFO [Controller id=0 epoch=2] Sending UpdateMetadata request to brokers HashSet(0) for 1 partitions (state.change.logger)
[2022-01-31 06:31:51,335] INFO [Controller id=0 epoch=2] Sending UpdateMetadata request to brokers HashSet() for 0 partitions (state.change.logger)
[2022-01-31 06:31:51,344] INFO [Broker id=0] Handling LeaderAndIsr request correlationId 5 from controller 0 for 1 partitions (state.change.logger)
[2022-01-31 06:31:51,350] INFO [Broker id=0] Stopped fetchers as part of LeaderAndIsr request correlationId 5 from controller 0 epoch 2 as part of the become-leader transition for 1 partitions (state.change.logger)
[2022-01-31 06:31:51,375] INFO [Broker id=0] Leader Random-0 starts at leader epoch 0 from offset 0 with high watermark 0 ISR [0] addingReplicas [] removingReplicas []. Previous leader epoch was -1. (state.change.logger)
[2022-01-31 06:31:51,383] INFO [Broker id=0] Finished LeaderAndIsr request in 39ms correlationId 5 from controller 0 for 1 partitions (state.change.logger)
[2022-01-31 06:31:51,387] INFO [Broker id=0] Add 1 partitions and deleted 0 partitions from metadata cache in response to UpdateMetadata request sent by controller 0 epoch 2 with correlation id 6 (state.change.logger)
[2022-01-31 06:32:00,065] INFO [Controller id=0 epoch=2] Changed partition random-0 state from NonExistentPartition to NewPartition with assigned replicas 0 (state.change.logger)
[2022-01-31 06:32:00,067] INFO [Controller id=0 epoch=2] Sending UpdateMetadata request to brokers HashSet() for 0 partitions (state.change.logger)
[2022-01-31 06:32:00,068] INFO [Controller id=0 epoch=2] Sending UpdateMetadata request to brokers HashSet() for 0 partitions (state.change.logger)
[2022-01-31 06:32:00,082] INFO [Controller id=0 epoch=2] Changed partition random-0 from NewPartition to OnlinePartition with state LeaderAndIsr(leader=0, leaderEpoch=0, isr=List(0), zkVersion=0) (state.change.logger)
[2022-01-31 06:32:00,084] INFO [Controller id=0 epoch=2] Sending LeaderAndIsr request to broker 0 with 1 become-leader and 0 become-follower partitions (state.change.logger)
[2022-01-31 06:32:00,085] INFO [Controller id=0 epoch=2] Sending UpdateMetadata request to brokers HashSet(0) for 1 partitions (state.change.logger)
[2022-01-31 06:32:00,087] INFO [Broker id=0] Handling LeaderAndIsr request correlationId 7 from controller 0 for 1 partitions (state.change.logger)
[2022-01-31 06:32:00,088] INFO [Controller id=0 epoch=2] Sending UpdateMetadata request to brokers HashSet() for 0 partitions (state.change.logger)
[2022-01-31 06:32:00,090] INFO [Broker id=0] Stopped fetchers as part of LeaderAndIsr request correlationId 7 from controller 0 epoch 2 as part of the become-leader transition for 1 partitions (state.change.logger)
[2022-01-31 06:32:00,106] INFO [Broker id=0] Leader random-0 starts at leader epoch 0 from offset 0 with high watermark 0 ISR [0] addingReplicas [] removingReplicas []. Previous leader epoch was -1. (state.change.logger)
[2022-01-31 06:32:00,113] INFO [Broker id=0] Finished LeaderAndIsr request in 26ms correlationId 7 from controller 0 for 1 partitions (state.change.logger)
[2022-01-31 06:32:00,116] INFO [Broker id=0] Add 1 partitions and deleted 0 partitions from metadata cache in response to UpdateMetadata request sent by controller 0 epoch 2 with correlation id 8 (state.change.logger)
[2022-01-31 06:39:21,950] INFO [Controller id=0 epoch=2] Changed partition random-numbers-0 state from NonExistentPartition to NewPartition with assigned replicas 0 (state.change.logger)
[2022-01-31 06:39:21,951] INFO [Controller id=0 epoch=2] Sending UpdateMetadata request to brokers HashSet() for 0 partitions (state.change.logger)
[2022-01-31 06:39:21,952] INFO [Controller id=0 epoch=2] Sending UpdateMetadata request to brokers HashSet() for 0 partitions (state.change.logger)
[2022-01-31 06:39:21,966] INFO [Controller id=0 epoch=2] Changed partition random-numbers-0 from NewPartition to OnlinePartition with state LeaderAndIsr(leader=0, leaderEpoch=0, isr=List(0), zkVersion=0) (state.change.logger)
[2022-01-31 06:39:21,967] INFO [Controller id=0 epoch=2] Sending LeaderAndIsr request to broker 0 with 1 become-leader and 0 become-follower partitions (state.change.logger)
[2022-01-31 06:39:21,969] INFO [Controller id=0 epoch=2] Sending UpdateMetadata request to brokers HashSet(0) for 1 partitions (state.change.logger)
[2022-01-31 06:39:21,970] INFO [Broker id=0] Handling LeaderAndIsr request correlationId 9 from controller 0 for 1 partitions (state.change.logger)
[2022-01-31 06:39:21,970] INFO [Controller id=0 epoch=2] Sending UpdateMetadata request to brokers HashSet() for 0 partitions (state.change.logger)
[2022-01-31 06:39:21,974] INFO [Broker id=0] Stopped fetchers as part of LeaderAndIsr request correlationId 9 from controller 0 epoch 2 as part of the become-leader transition for 1 partitions (state.change.logger)
[2022-01-31 06:39:21,993] INFO [Broker id=0] Leader random-numbers-0 starts at leader epoch 0 from offset 0 with high watermark 0 ISR [0] addingReplicas [] removingReplicas []. Previous leader epoch was -1. (state.change.logger)
[2022-01-31 06:39:22,000] INFO [Broker id=0] Finished LeaderAndIsr request in 30ms correlationId 9 from controller 0 for 1 partitions (state.change.logger)
[2022-01-31 06:39:22,005] INFO [Broker id=0] Add 1 partitions and deleted 0 partitions from metadata cache in response to UpdateMetadata request sent by controller 0 epoch 2 with correlation id 10 (state.change.logger)
[2022-01-31 06:52:57,384] INFO [Controller id=0 epoch=2] Changed partition random-numbers-json-0 state from NonExistentPartition to NewPartition with assigned replicas 0 (state.change.logger)
[2022-01-31 06:52:57,385] INFO [Controller id=0 epoch=2] Sending UpdateMetadata request to brokers HashSet() for 0 partitions (state.change.logger)
[2022-01-31 06:52:57,386] INFO [Controller id=0 epoch=2] Sending UpdateMetadata request to brokers HashSet() for 0 partitions (state.change.logger)
[2022-01-31 06:52:57,401] INFO [Controller id=0 epoch=2] Changed partition random-numbers-json-0 from NewPartition to OnlinePartition with state LeaderAndIsr(leader=0, leaderEpoch=0, isr=List(0), zkVersion=0) (state.change.logger)
[2022-01-31 06:52:57,402] INFO [Controller id=0 epoch=2] Sending LeaderAndIsr request to broker 0 with 1 become-leader and 0 become-follower partitions (state.change.logger)
[2022-01-31 06:52:57,403] INFO [Controller id=0 epoch=2] Sending UpdateMetadata request to brokers HashSet(0) for 1 partitions (state.change.logger)
[2022-01-31 06:52:57,408] INFO [Controller id=0 epoch=2] Sending UpdateMetadata request to brokers HashSet() for 0 partitions (state.change.logger)
[2022-01-31 06:52:57,412] INFO [Broker id=0] Handling LeaderAndIsr request correlationId 11 from controller 0 for 1 partitions (state.change.logger)
[2022-01-31 06:52:57,415] INFO [Broker id=0] Stopped fetchers as part of LeaderAndIsr request correlationId 11 from controller 0 epoch 2 as part of the become-leader transition for 1 partitions (state.change.logger)
[2022-01-31 06:52:57,431] INFO [Broker id=0] Leader random-numbers-json-0 starts at leader epoch 0 from offset 0 with high watermark 0 ISR [0] addingReplicas [] removingReplicas []. Previous leader epoch was -1. (state.change.logger)
[2022-01-31 06:52:57,440] INFO [Broker id=0] Finished LeaderAndIsr request in 29ms correlationId 11 from controller 0 for 1 partitions (state.change.logger)
[2022-01-31 06:52:57,443] INFO [Broker id=0] Add 1 partitions and deleted 0 partitions from metadata cache in response to UpdateMetadata request sent by controller 0 epoch 2 with correlation id 12 (state.change.logger)
[2022-01-31 06:55:26,085] INFO [Controller id=0 epoch=2] Changed partition random-numbers-json-2-0 state from NonExistentPartition to NewPartition with assigned replicas 0 (state.change.logger)
[2022-01-31 06:55:26,087] INFO [Controller id=0 epoch=2] Sending UpdateMetadata request to brokers HashSet() for 0 partitions (state.change.logger)
[2022-01-31 06:55:26,088] INFO [Controller id=0 epoch=2] Sending UpdateMetadata request to brokers HashSet() for 0 partitions (state.change.logger)
[2022-01-31 06:55:26,104] INFO [Controller id=0 epoch=2] Changed partition random-numbers-json-2-0 from NewPartition to OnlinePartition with state LeaderAndIsr(leader=0, leaderEpoch=0, isr=List(0), zkVersion=0) (state.change.logger)
[2022-01-31 06:55:26,106] INFO [Controller id=0 epoch=2] Sending LeaderAndIsr request to broker 0 with 1 become-leader and 0 become-follower partitions (state.change.logger)
[2022-01-31 06:55:26,107] INFO [Controller id=0 epoch=2] Sending UpdateMetadata request to brokers HashSet(0) for 1 partitions (state.change.logger)
[2022-01-31 06:55:26,108] INFO [Broker id=0] Handling LeaderAndIsr request correlationId 13 from controller 0 for 1 partitions (state.change.logger)
[2022-01-31 06:55:26,111] INFO [Controller id=0 epoch=2] Sending UpdateMetadata request to brokers HashSet() for 0 partitions (state.change.logger)
[2022-01-31 06:55:26,114] INFO [Broker id=0] Stopped fetchers as part of LeaderAndIsr request correlationId 13 from controller 0 epoch 2 as part of the become-leader transition for 1 partitions (state.change.logger)
[2022-01-31 06:55:26,127] INFO [Broker id=0] Leader random-numbers-json-2-0 starts at leader epoch 0 from offset 0 with high watermark 0 ISR [0] addingReplicas [] removingReplicas []. Previous leader epoch was -1. (state.change.logger)
[2022-01-31 06:55:26,134] INFO [Broker id=0] Finished LeaderAndIsr request in 26ms correlationId 13 from controller 0 for 1 partitions (state.change.logger)
[2022-01-31 06:55:26,137] INFO [Broker id=0] Add 1 partitions and deleted 0 partitions from metadata cache in response to UpdateMetadata request sent by controller 0 epoch 2 with correlation id 14 (state.change.logger)
[2022-01-31 06:59:40,482] INFO [Controller id=0 epoch=2] Changed partition random-number-json-2-0 state from NonExistentPartition to NewPartition with assigned replicas 0 (state.change.logger)
[2022-01-31 06:59:40,483] INFO [Controller id=0 epoch=2] Sending UpdateMetadata request to brokers HashSet() for 0 partitions (state.change.logger)
[2022-01-31 06:59:40,485] INFO [Controller id=0 epoch=2] Sending UpdateMetadata request to brokers HashSet() for 0 partitions (state.change.logger)
[2022-01-31 06:59:40,502] INFO [Controller id=0 epoch=2] Changed partition random-number-json-2-0 from NewPartition to OnlinePartition with state LeaderAndIsr(leader=0, leaderEpoch=0, isr=List(0), zkVersion=0) (state.change.logger)
[2022-01-31 06:59:40,503] INFO [Controller id=0 epoch=2] Sending LeaderAndIsr request to broker 0 with 1 become-leader and 0 become-follower partitions (state.change.logger)
[2022-01-31 06:59:40,505] INFO [Controller id=0 epoch=2] Sending UpdateMetadata request to brokers HashSet(0) for 1 partitions (state.change.logger)
[2022-01-31 06:59:40,506] INFO [Controller id=0 epoch=2] Sending UpdateMetadata request to brokers HashSet() for 0 partitions (state.change.logger)
[2022-01-31 06:59:40,506] INFO [Broker id=0] Handling LeaderAndIsr request correlationId 15 from controller 0 for 1 partitions (state.change.logger)
[2022-01-31 06:59:40,510] INFO [Broker id=0] Stopped fetchers as part of LeaderAndIsr request correlationId 15 from controller 0 epoch 2 as part of the become-leader transition for 1 partitions (state.change.logger)
[2022-01-31 06:59:40,525] INFO [Broker id=0] Leader random-number-json-2-0 starts at leader epoch 0 from offset 0 with high watermark 0 ISR [0] addingReplicas [] removingReplicas []. Previous leader epoch was -1. (state.change.logger)
[2022-01-31 06:59:40,553] INFO [Broker id=0] Finished LeaderAndIsr request in 47ms correlationId 15 from controller 0 for 1 partitions (state.change.logger)
[2022-01-31 06:59:40,557] INFO [Broker id=0] Add 1 partitions and deleted 0 partitions from metadata cache in response to UpdateMetadata request sent by controller 0 epoch 2 with correlation id 16 (state.change.logger)
